::1 - [19/Oct/2016:09:09:44 +0530] "GET / HTTP/1.1" 304 0
::1 - [19/Oct/2016:09:09:45 +0530] "GET /assets/css/_base.css HTTP/1.1" 304 0
::1 - [19/Oct/2016:09:09:45 +0530] "GET /assets/css/_layout.css HTTP/1.1" 304 0
::1 - [19/Oct/2016:09:09:45 +0530] "GET /assets/css/_utility.css HTTP/1.1" 304 0
::1 - [19/Oct/2016:09:09:45 +0530] "GET /assets/css/custom.css HTTP/1.1" 304 0
::1 - [19/Oct/2016:09:09:45 +0530] "GET /assets/lib/js/ui-codemirror.min.js HTTP/1.1" 304 0
::1 - [19/Oct/2016:09:09:45 +0530] "GET /assets/lib/js/duration.js HTTP/1.1" 304 0
::1 - [19/Oct/2016:09:09:45 +0530] "GET /app/app.route.js?v=20160405-1 HTTP/1.1" 304 0
::1 - [19/Oct/2016:09:09:45 +0530] "GET /app/app.module.js?v=20160415-1 HTTP/1.1" 304 0
::1 - [19/Oct/2016:09:09:45 +0530] "GET /assets/js/gru.js?v=20160405-1 HTTP/1.1" 304 0
::1 - [19/Oct/2016:09:09:46 +0530] "GET /app/components/login/loginController.js HTTP/1.1" 304 0
::1 - [19/Oct/2016:09:09:46 +0530] "GET /app/components/login/loginService.js HTTP/1.1" 304 0
::1 - [19/Oct/2016:09:09:46 +0530] "GET /app/components/login/index.html HTTP/1.1" 304 0
::1 - [19/Oct/2016:09:09:50 +0530] "POST /api/admin/login HTTP/1.1" 200 121
::1 - [19/Oct/2016:09:09:50 +0530] "GET /app/components/home/home.html HTTP/1.1" 304 0
::1 - [19/Oct/2016:09:09:50 +0530] "GET /assets/img/home-cover.jpg HTTP/1.1" 304 0
::1 - [19/Oct/2016:09:10:03 +0530] "GET /app/components/invite/inviteController.js?v=20161018-1 HTTP/1.1" 304 0
::1 - [19/Oct/2016:09:10:03 +0530] "GET /app/components/quiz/quizServices.js HTTP/1.1" 304 0
::1 - [19/Oct/2016:09:10:03 +0530] "GET /app/components/invite/inviteService.js?v=20161018-1 HTTP/1.1" 304 0
::1 - [19/Oct/2016:09:10:03 +0530] "GET /app/components/invite/index.html HTTP/1.1" 304 0
::1 - [19/Oct/2016:09:10:03 +0530] "GET /app/components/invite/views/invite-user.html HTTP/1.1" 304 0
::1 - [19/Oct/2016:09:10:03 +0530] "GET /app/components/invite/views/quiz-selection.html HTTP/1.1" 304 0
::1 - [19/Oct/2016:09:10:03 +0530] "GET /api/admin/get-all-quizes HTTP/1.1" 200 491
::1 - [19/Oct/2016:09:10:15 +0530] "POST /api/admin/candidate HTTP/1.1" 200 89
::1 - [19/Oct/2016:09:10:15 +0530] "GET /app/components/invite/views/invite-dashboard.html?v=20161018-1 HTTP/1.1" 304 0
::1 - [19/Oct/2016:09:10:15 +0530] "GET /api/admin/candidates?quiz_id=0xdbeef2e2c6fe6b88 HTTP/1.1" 200 505
::1 - [19/Oct/2016:09:10:36 +0530] "GET /app/components/candidate/quizLandingController.js HTTP/1.1" 200 1455
::1 - [19/Oct/2016:09:10:36 +0530] "GET /app/components/candidate/views/quiz-landing.html HTTP/1.1" 200 835
::1 - [19/Oct/2016:09:10:36 +0530] "POST /api/validate/0x41afe81ac34e9641BpLnfgDsc3WD9F3qNfHK6a95jjJkwzDkh HTTP/1.1" 200 202
::1 - [19/Oct/2016:09:10:50 +0530] "GET /app/components/quiz/quizController.js HTTP/1.1" 304 0
::1 - [19/Oct/2016:09:10:50 +0530] "GET /app/components/question/questionServices.js HTTP/1.1" 304 0
::1 - [19/Oct/2016:09:10:50 +0530] "GET /app/components/quiz/all-quiz.html HTTP/1.1" 304 0
::1 - [19/Oct/2016:09:10:50 +0530] "POST /api/admin/get-all-questions HTTP/1.1" 200 948
::1 - [19/Oct/2016:09:10:50 +0530] "GET /api/admin/get-all-quizes HTTP/1.1" 200 489
::1 - [19/Oct/2016:09:10:55 +0530] "GET /app/components/quiz/edit-quiz.html HTTP/1.1" 200 1191
::1 - [19/Oct/2016:09:10:55 +0530] "POST /api/admin/get-all-questions HTTP/1.1" 200 947
::1 - [19/Oct/2016:09:10:55 +0530] "GET /api/admin/quiz/0xdbeef2e2c6fe6b88 HTTP/1.1" 200 385
::1 - [19/Oct/2016:09:10:59 +0530] "GET /app/components/candidate/candidateController.js HTTP/1.1" 200 1999
::1 - [19/Oct/2016:09:10:59 +0530] "GET /app/components/candidate/candidateService.js HTTP/1.1" 200 574
::1 - [19/Oct/2016:09:10:59 +0530] "GET /assets/lib/js/highlight.pack.js HTTP/1.1" 304 0
::1 - [19/Oct/2016:09:10:59 +0530] "GET /app/components/candidate/index.html HTTP/1.1" 200 221
::1 - [19/Oct/2016:09:10:59 +0530] "GET /app/components/candidate/views/quiz.html HTTP/1.1" 200 1171
::1 - [19/Oct/2016:09:10:59 +0530] "POST /api/quiz/question HTTP/1.1" 200 272
::1 - [19/Oct/2016:09:10:59 +0530] "POST /api/quiz/ping HTTP/1.1" 200 45
::1 - [19/Oct/2016:09:11:04 +0530] "POST /api/quiz/ping HTTP/1.1" 200 44
::1 - [19/Oct/2016:09:11:06 +0530] "POST /api/quiz/answer HTTP/1.1" 200 23
::1 - [19/Oct/2016:09:11:06 +0530] "POST /api/quiz/question HTTP/1.1" 200 277
::1 - [19/Oct/2016:09:11:09 +0530] "POST /api/quiz/ping HTTP/1.1" 200 44
::1 - [19/Oct/2016:09:11:14 +0530] "GET /app/components/question/questionController.js HTTP/1.1" 304 0
::1 - [19/Oct/2016:09:11:14 +0530] "GET /assets/lib/js/codemirror.js HTTP/1.1" 304 0
::1 - [19/Oct/2016:09:11:14 +0530] "GET /assets/lib/js/javascript.js HTTP/1.1" 304 0
::1 - [19/Oct/2016:09:11:14 +0530] "GET /app/components/question/index.html HTTP/1.1" 304 0
::1 - [19/Oct/2016:09:11:14 +0530] "GET /app/components/question/all-question.html HTTP/1.1" 304 0
::1 - [19/Oct/2016:09:11:14 +0530] "POST /api/admin/get-all-questions HTTP/1.1" 200 946
::1 - [19/Oct/2016:09:11:14 +0530] "GET /api/admin/get-all-tags HTTP/1.1" 200 305
::1 - [19/Oct/2016:09:11:14 +0530] "GET /api/admin/get-all-tags HTTP/1.1" 200 306
::1 - [19/Oct/2016:09:11:15 +0530] "POST /api/quiz/ping HTTP/1.1" 200 44
::1 - [19/Oct/2016:09:11:20 +0530] "POST /api/quiz/ping HTTP/1.1" 200 44
::1 - [19/Oct/2016:09:11:24 +0530] "POST /api/quiz/ping HTTP/1.1" 200 44
::1 - [19/Oct/2016:09:11:24 +0530] "POST /api/quiz/answer HTTP/1.1" 200 23
::1 - [19/Oct/2016:09:11:24 +0530] "POST /api/quiz/question HTTP/1.1" 200 269
::1 - [19/Oct/2016:09:11:29 +0530] "POST /api/quiz/ping HTTP/1.1" 200 44
::1 - [19/Oct/2016:09:11:33 +0530] "POST /api/quiz/answer HTTP/1.1" 200 23
::1 - [19/Oct/2016:09:11:33 +0530] "POST /api/quiz/question HTTP/1.1" 200 117
::1 - [19/Oct/2016:09:11:39 +0530] "GET /api/admin/get-all-quizes HTTP/1.1" 200 487
::1 - [19/Oct/2016:09:11:56 +0530] "POST /api/admin/candidate HTTP/1.1" 200 89
::1 - [19/Oct/2016:09:11:56 +0530] "GET /api/admin/candidates?quiz_id=0xdbeef2e2c6fe6b88 HTTP/1.1" 200 525
::1 - [19/Oct/2016:09:12:13 +0530] "POST /api/validate/0xce4f6289153b7503Z9uVbhV4vC6AWX40IVUWSP3NcHciWvqZT HTTP/1.1" 200 208
::1 - [19/Oct/2016:09:12:22 +0530] "POST /api/quiz/question HTTP/1.1" 200 270
::1 - [19/Oct/2016:09:12:22 +0530] "POST /api/quiz/ping HTTP/1.1" 200 45
::1 - [19/Oct/2016:09:12:29 +0530] "POST /api/quiz/ping HTTP/1.1" 200 44
::1 - [19/Oct/2016:09:12:32 +0530] "POST /api/quiz/answer HTTP/1.1" 200 23
::1 - [19/Oct/2016:09:12:32 +0530] "POST /api/quiz/question HTTP/1.1" 200 278
::1 - [19/Oct/2016:09:12:32 +0530] "POST /api/quiz/ping HTTP/1.1" 200 44
::1 - [19/Oct/2016:09:12:37 +0530] "POST /api/quiz/ping HTTP/1.1" 200 44
::1 - [19/Oct/2016:09:12:37 +0530] "POST /api/quiz/answer HTTP/1.1" 200 23
::1 - [19/Oct/2016:09:12:37 +0530] "POST /api/quiz/question HTTP/1.1" 200 270
::1 - [19/Oct/2016:09:12:42 +0530] "POST /api/quiz/ping HTTP/1.1" 200 44
::1 - [19/Oct/2016:09:12:47 +0530] "POST /api/quiz/answer HTTP/1.1" 200 23
::1 - [19/Oct/2016:09:12:47 +0530] "POST /api/quiz/question HTTP/1.1" 200 114
::1 - [19/Oct/2016:09:14:01 +0530] "GET /api/admin/get-all-quizes HTTP/1.1" 200 488
::1 - [19/Oct/2016:09:14:11 +0530] "POST /api/admin/candidate HTTP/1.1" 200 89
::1 - [19/Oct/2016:09:14:11 +0530] "GET /api/admin/candidates?quiz_id=0xdbeef2e2c6fe6b88 HTTP/1.1" 200 539
::1 - [19/Oct/2016:09:14:26 +0530] "POST /api/validate/0xe5e61d3556d9ee46BpLnfgDsc3WD9F3qNfHK6a95jjJkwzDkh HTTP/1.1" 200 202
::1 - [19/Oct/2016:09:14:34 +0530] "POST /api/quiz/question HTTP/1.1" 200 272
::1 - [19/Oct/2016:09:14:34 +0530] "POST /api/quiz/ping HTTP/1.1" 200 45
::1 - [19/Oct/2016:09:14:39 +0530] "POST /api/quiz/ping HTTP/1.1" 200 44
::1 - [19/Oct/2016:09:14:40 +0530] "POST /api/quiz/answer HTTP/1.1" 200 23
::1 - [19/Oct/2016:09:14:40 +0530] "POST /api/quiz/question HTTP/1.1" 200 277
::1 - [19/Oct/2016:09:14:45 +0530] "POST /api/quiz/ping HTTP/1.1" 200 44
::1 - [19/Oct/2016:09:14:50 +0530] "POST /api/quiz/ping HTTP/1.1" 200 44
::1 - [19/Oct/2016:09:14:55 +0530] "POST /api/quiz/ping HTTP/1.1" 200 44
::1 - [19/Oct/2016:09:15:00 +0530] "POST /api/quiz/ping HTTP/1.1" 200 44
::1 - [19/Oct/2016:09:15:05 +0530] "POST /api/quiz/ping HTTP/1.1" 200 44
::1 - [19/Oct/2016:09:15:10 +0530] "POST /api/quiz/ping HTTP/1.1" 200 44
::1 - [19/Oct/2016:09:15:15 +0530] "POST /api/quiz/ping HTTP/1.1" 200 44
::1 - [19/Oct/2016:09:15:20 +0530] "POST /api/quiz/ping HTTP/1.1" 200 44
::1 - [19/Oct/2016:09:15:25 +0530] "POST /api/quiz/ping HTTP/1.1" 200 43
::1 - [19/Oct/2016:09:15:30 +0530] "POST /api/quiz/ping HTTP/1.1" 200 43
::1 - [19/Oct/2016:09:15:35 +0530] "POST /api/quiz/ping HTTP/1.1" 200 44
::1 - [19/Oct/2016:09:15:59 +0530] "GET /api/admin/get-all-quizes HTTP/1.1" 200 489
::1 - [19/Oct/2016:09:16:07 +0530] "POST /api/admin/candidate HTTP/1.1" 200 89
::1 - [19/Oct/2016:09:16:07 +0530] "GET /api/admin/candidates?quiz_id=0xdbeef2e2c6fe6b88 HTTP/1.1" 200 554
::1 - [19/Oct/2016:09:16:18 +0530] "POST /api/validate/0xbbfcb33df800cd86DR9ksnZUhg7cqhvAugJHZJGQrxIoWcrwp HTTP/1.1" 200 202
::1 - [19/Oct/2016:09:16:27 +0530] "POST /api/quiz/question HTTP/1.1" 200 272
::1 - [19/Oct/2016:09:16:27 +0530] "POST /api/quiz/ping HTTP/1.1" 200 45
::1 - [19/Oct/2016:09:16:31 +0530] "POST /api/quiz/answer HTTP/1.1" 200 23
::1 - [19/Oct/2016:09:16:31 +0530] "POST /api/quiz/question HTTP/1.1" 200 268
::1 - [19/Oct/2016:09:16:32 +0530] "POST /api/quiz/ping HTTP/1.1" 200 44
::1 - [19/Oct/2016:09:16:35 +0530] "POST /api/quiz/answer HTTP/1.1" 200 23
::1 - [19/Oct/2016:09:16:35 +0530] "POST /api/quiz/question HTTP/1.1" 200 278
::1 - [19/Oct/2016:09:16:37 +0530] "POST /api/quiz/ping HTTP/1.1" 200 44
::1 - [19/Oct/2016:09:16:39 +0530] "POST /api/quiz/answer HTTP/1.1" 200 23
::1 - [19/Oct/2016:09:16:39 +0530] "POST /api/quiz/question HTTP/1.1" 200 117
::1 - [19/Oct/2016:09:16:41 +0530] "GET /api/admin/get-all-quizes HTTP/1.1" 200 488
::1 - [19/Oct/2016:09:16:49 +0530] "POST /api/admin/candidate HTTP/1.1" 200 89
::1 - [19/Oct/2016:09:16:49 +0530] "GET /api/admin/candidates?quiz_id=0xdbeef2e2c6fe6b88 HTTP/1.1" 200 568
::1 - [19/Oct/2016:09:16:59 +0530] "POST /api/validate/0xef3eb9664c9a748bRbKjtMhS38K8Pyo2mYCHIxP2Xblo9MjPI HTTP/1.1" 200 202
::1 - [19/Oct/2016:09:17:07 +0530] "POST /api/quiz/question HTTP/1.1" 200 268
::1 - [19/Oct/2016:09:17:07 +0530] "POST /api/quiz/ping HTTP/1.1" 200 45
::1 - [19/Oct/2016:09:17:10 +0530] "POST /api/quiz/answer HTTP/1.1" 200 23
::1 - [19/Oct/2016:09:17:10 +0530] "POST /api/quiz/question HTTP/1.1" 200 280
::1 - [19/Oct/2016:09:17:12 +0530] "POST /api/quiz/answer HTTP/1.1" 200 23
::1 - [19/Oct/2016:09:17:12 +0530] "POST /api/quiz/question HTTP/1.1" 200 275
::1 - [19/Oct/2016:09:17:12 +0530] "POST /api/quiz/ping HTTP/1.1" 200 44
::1 - [19/Oct/2016:09:17:14 +0530] "POST /api/quiz/answer HTTP/1.1" 200 23
::1 - [19/Oct/2016:09:17:14 +0530] "POST /api/quiz/question HTTP/1.1" 200 117
::1 - [19/Oct/2016:09:17:17 +0530] "GET /api/admin/get-all-quizes HTTP/1.1" 200 487
::1 - [19/Oct/2016:09:17:17 +0530] "POST /api/admin/get-all-questions HTTP/1.1" 200 948
::1 - [19/Oct/2016:09:17:19 +0530] "GET /api/admin/get-all-quizes HTTP/1.1" 200 488
::1 - [19/Oct/2016:09:17:19 +0530] "GET /api/admin/candidates?quiz_id=0xdbeef2e2c6fe6b88 HTTP/1.1" 200 568
::1 - [19/Oct/2016:09:17:26 +0530] "GET /app/components/invite/views/candidate-report.html HTTP/1.1" 304 0
::1 - [19/Oct/2016:09:17:26 +0530] "GET /api/admin/candidate/report/0xfe0a91c51e70cecd HTTP/1.1" 200 614
::1 - [19/Oct/2016:09:17:28 +0530] "GET /api/admin/candidates?quiz_id=0xdbeef2e2c6fe6b88 HTTP/1.1" 200 568
::1 - [19/Oct/2016:09:17:29 +0530] "GET /api/admin/candidate/report/0xa3aa07a1bd727c8c HTTP/1.1" 200 609
::1 - [19/Oct/2016:09:17:30 +0530] "GET /api/admin/candidates?quiz_id=0xdbeef2e2c6fe6b88 HTTP/1.1" 200 568
::1 - [19/Oct/2016:09:17:32 +0530] "GET /api/admin/candidate/report/0xbbfcb33df800cd86 HTTP/1.1" 200 599
::1 - [19/Oct/2016:09:17:35 +0530] "GET /api/admin/candidates?quiz_id=0xdbeef2e2c6fe6b88 HTTP/1.1" 200 568
::1 - [19/Oct/2016:09:17:37 +0530] "GET /api/admin/candidate/report/0xc33f00eb7cabc5fc HTTP/1.1" 200 460
::1 - [19/Oct/2016:09:17:38 +0530] "GET /api/admin/candidates?quiz_id=0xdbeef2e2c6fe6b88 HTTP/1.1" 200 568
::1 - [19/Oct/2016:09:17:39 +0530] "GET /api/admin/candidate/report/0xce4f6289153b7503 HTTP/1.1" 200 608
::1 - [19/Oct/2016:09:17:40 +0530] "GET /api/admin/candidates?quiz_id=0xdbeef2e2c6fe6b88 HTTP/1.1" 200 568
::1 - [19/Oct/2016:09:17:42 +0530] "GET /api/admin/candidate/report/0x41afe81ac34e9641 HTTP/1.1" 200 602
::1 - [19/Oct/2016:09:17:45 +0530] "GET /api/admin/candidates?quiz_id=0xdbeef2e2c6fe6b88 HTTP/1.1" 200 568
::1 - [19/Oct/2016:09:17:46 +0530] "GET /api/admin/candidate/report/0x3e7562766535cfc3 HTTP/1.1" 200 612
::1 - [19/Oct/2016:09:17:48 +0530] "GET /api/admin/candidates?quiz_id=0xdbeef2e2c6fe6b88 HTTP/1.1" 200 568
::1 - [19/Oct/2016:09:17:50 +0530] "GET /api/admin/candidate/report/0x2e82fb3bdcf1ee05 HTTP/1.1" 200 598
::1 - [19/Oct/2016:09:17:51 +0530] "GET /api/admin/candidates?quiz_id=0xdbeef2e2c6fe6b88 HTTP/1.1" 200 568
::1 - [19/Oct/2016:09:17:53 +0530] "GET /api/admin/candidate/report/0x85aaaf10ce8e8e HTTP/1.1" 200 598
::1 - [19/Oct/2016:09:17:54 +0530] "GET /api/admin/candidates?quiz_id=0xdbeef2e2c6fe6b88 HTTP/1.1" 200 568
::1 - [19/Oct/2016:09:17:56 +0530] "GET /api/admin/candidate/report/0xce4f6289153b7503 HTTP/1.1" 200 608
::1 - [19/Oct/2016:09:18:00 +0530] "GET /api/admin/candidates?quiz_id=0xdbeef2e2c6fe6b88 HTTP/1.1" 200 568
::1 - [19/Oct/2016:10:27:12 +0530] "GET /api/healthcheck HTTP/1.1" 200 50
::1 - [19/Oct/2016:10:27:41 +0530] "GET /api/healthcheck HTTP/1.1" 200 50
::1 - [19/Oct/2016:10:28:58 +0530] "GET /api/healthcheck HTTP/1.1" 200 50
::1 - [19/Oct/2016:10:30:50 +0530] "GET /api/healthcheck HTTP/1.1" 200 50
::1 - [19/Oct/2016:10:31:44 +0530] "GET /api/healthcheck HTTP/1.1" 200 50
::1 - [19/Oct/2016:10:31:51 +0530] "GET /api/healthcheck HTTP/1.1" 200 55
::1 - [19/Oct/2016:10:56:25 +0530] "POST /api/admin/login HTTP/1.1" 200 121
::1 - [19/Oct/2016:10:56:39 +0530] "POST /api/admin/get-all-questions HTTP/1.1" 200 942
::1 - [19/Oct/2016:10:56:39 +0530] "GET /api/admin/get-all-tags HTTP/1.1" 200 307
::1 - [19/Oct/2016:10:56:39 +0530] "GET /api/admin/get-all-tags HTTP/1.1" 200 305
::1 - [19/Oct/2016:10:56:42 +0530] "GET /app/components/question/views/edit-question.html HTTP/1.1" 200 1075
::1 - [19/Oct/2016:10:56:42 +0530] "GET /api/admin/question/0x234858cc93324642 HTTP/1.1" 200 282
::1 - [19/Oct/2016:10:56:42 +0530] "GET /api/admin/get-all-tags HTTP/1.1" 200 304
::1 - [19/Oct/2016:10:56:42 +0530] "GET /assets/lib/css/codemirror.css HTTP/1.1" 200 2518
::1 - [19/Oct/2016:10:57:05 +0530] "POST /api/admin/get-all-questions HTTP/1.1" 200 945
::1 - [19/Oct/2016:10:57:05 +0530] "GET /api/admin/get-all-tags HTTP/1.1" 200 307
::1 - [19/Oct/2016:10:57:15 +0530] "GET /api/admin/get-all-tags HTTP/1.1" 200 304
::1 - [19/Oct/2016:10:57:15 +0530] "GET /api/admin/question/0xcfc3896ade3b008f HTTP/1.1" 200 248
::1 - [19/Oct/2016:10:57:32 +0530] "GET /assets/lib/js/angular-sanitize.min.js.map HTTP/1.1" 404 14
::1 - [19/Oct/2016:10:57:32 +0530] "GET /assets/lib/js/angular.min.js.map HTTP/1.1" 404 14
::1 - [19/Oct/2016:10:57:32 +0530] "GET /assets/lib/js/angular-route.min.js.map HTTP/1.1" 404 14
::1 - [19/Oct/2016:10:57:32 +0530] "GET /assets/lib/js/select.min.js.map HTTP/1.1" 404 14
::1 - [19/Oct/2016:10:57:32 +0530] "GET /assets/lib/js/material.min.js.map HTTP/1.1" 404 14
::1 - [19/Oct/2016:10:57:32 +0530] "GET /assets/lib/css/select.min.css.map HTTP/1.1" 404 14
::1 - [19/Oct/2016:11:28:17 +0530] "GET /api/health HTTP/1.1" 404 43
::1 - [19/Oct/2016:11:28:19 +0530] "GET /api/healthcheck HTTP/1.1" 200 50
::1 - [19/Oct/2016:11:52:15 +0530] "GET /api/healthcheck HTTP/1.1" 502 40
::1 - [19/Oct/2016:11:52:35 +0530] "GET /api/healthcheck HTTP/1.1" 200 50
::1 - [19/Oct/2016:11:55:59 +0530] "GET /api/healthcheck HTTP/1.1" 200 50
::1 - [19/Oct/2016:12:44:59 +0530] "GET / HTTP/1.1" 304 0
::1 - [19/Oct/2016:12:45:00 +0530] "GET /assets/css/_utility.css HTTP/1.1" 304 0
::1 - [19/Oct/2016:12:45:00 +0530] "GET /assets/css/custom.css HTTP/1.1" 200 2247
::1 - [19/Oct/2016:12:45:00 +0530] "GET /app/app.module.js?v=20160415-1 HTTP/1.1" 304 0
::1 - [19/Oct/2016:12:45:00 +0530] "GET /app/app.route.js?v=20160405-1 HTTP/1.1" 200 1384
::1 - [19/Oct/2016:12:45:04 +0530] "POST /api/admin/login HTTP/1.1" 200 121
::1 - [19/Oct/2016:12:45:06 +0530] "GET /app/components/question/questionController.js HTTP/1.1" 200 3026
::1 - [19/Oct/2016:12:45:06 +0530] "POST /api/admin/get-all-questions HTTP/1.1" 200 949
::1 - [19/Oct/2016:12:45:06 +0530] "GET /api/admin/get-all-tags HTTP/1.1" 200 307
::1 - [19/Oct/2016:12:45:06 +0530] "GET /api/admin/get-all-tags HTTP/1.1" 200 306
::1 - [19/Oct/2016:12:45:08 +0530] "GET /app/components/invite/inviteController.js?v=20161018-1 HTTP/1.1" 200 1938
::1 - [19/Oct/2016:12:45:08 +0530] "GET /app/components/invite/inviteService.js?v=20161018-1 HTTP/1.1" 304 0
::1 - [19/Oct/2016:12:45:08 +0530] "GET /api/admin/get-all-quizes HTTP/1.1" 200 487
::1 - [19/Oct/2016:12:45:13 +0530] "GET /assets/lib/js/angular.min.js.map HTTP/1.1" 404 14
::1 - [19/Oct/2016:12:45:13 +0530] "GET /assets/lib/js/angular-sanitize.min.js.map HTTP/1.1" 404 14
::1 - [19/Oct/2016:12:45:13 +0530] "GET /assets/lib/js/angular-route.min.js.map HTTP/1.1" 404 14
::1 - [19/Oct/2016:12:45:13 +0530] "GET /assets/lib/js/select.min.js.map HTTP/1.1" 404 14
::1 - [19/Oct/2016:12:45:13 +0530] "GET /assets/lib/js/material.min.js.map HTTP/1.1" 404 14
::1 - [19/Oct/2016:12:49:51 +0530] "POST /api/admin/login HTTP/1.1" 200 121
::1 - [19/Oct/2016:12:50:52 +0530] "GET /api/admin/healthcheck HTTP/1.1" 401 63
::1 - [19/Oct/2016:12:50:56 +0530] "GET /api/admin/healthcheck HTTP/1.1" 401 63
::1 - [19/Oct/2016:12:51:10 +0530] "GET /api/healthcheck HTTP/1.1" 200 50
::1 - [19/Oct/2016:12:52:09 +0530] "GET /api/api/healthcheck HTTP/1.1" 404 43
::1 - [19/Oct/2016:12:52:23 +0530] "GET /api/healthcheck HTTP/1.1" 200 50
::1 - [19/Oct/2016:13:12:10 +0530] "GET / HTTP/1.1" 304 0
::1 - [19/Oct/2016:13:12:10 +0530] "GET /assets/css/custom.css HTTP/1.1" 304 0
::1 - [19/Oct/2016:13:12:10 +0530] "GET /app/app.route.js?v=20160405-1 HTTP/1.1" 304 0
::1 - [19/Oct/2016:13:12:17 +0530] "POST /api/admin/login HTTP/1.1" 200 121
::1 - [19/Oct/2016:13:12:24 +0530] "POST /api/admin/login HTTP/1.1" 200 121
::1 - [19/Oct/2016:13:12:40 +0530] "GET /app/components/invite/inviteController.js?v=20161018-1 HTTP/1.1" 304 0
::1 - [19/Oct/2016:13:12:40 +0530] "GET /api/admin/get-all-quizes HTTP/1.1" 200 492
::1 - [19/Oct/2016:13:12:51 +0530] "POST /api/admin/candidate HTTP/1.1" 200 89
::1 - [19/Oct/2016:13:12:51 +0530] "GET /app/components/invite/views/invite-dashboard.html?v=20161018-1 HTTP/1.1" 304 0
::1 - [19/Oct/2016:13:12:51 +0530] "GET /api/admin/candidates?quiz_id=0xdbeef2e2c6fe6b88 HTTP/1.1" 200 581
::1 - [19/Oct/2016:13:13:10 +0530] "GET /app/components/candidate/quizLandingController.js HTTP/1.1" 304 0
::1 - [19/Oct/2016:13:13:10 +0530] "POST /api/validate/0x4e654ccae57e9811oSZ0LIGyb4IFvgUjdojL6gH4jfFmi3md9 HTTP/1.1" 200 204
::1 - [19/Oct/2016:13:13:22 +0530] "GET /app/components/candidate/candidateController.js HTTP/1.1" 304 0
::1 - [19/Oct/2016:13:13:22 +0530] "GET /app/components/candidate/views/quiz.html HTTP/1.1" 304 0
::1 - [19/Oct/2016:13:13:22 +0530] "POST /api/quiz/question HTTP/1.1" 200 274
::1 - [19/Oct/2016:13:13:22 +0530] "POST /api/quiz/ping HTTP/1.1" 200 45
::1 - [19/Oct/2016:13:13:27 +0530] "POST /api/validate/0x4e654ccae57e9811oSZ0LIGyb4IFvgUjdojL6gH4jfFmi3md9 HTTP/1.1" 401 112
::1 - [19/Oct/2016:13:13:27 +0530] "GET /app/shared/_not_authorized.html HTTP/1.1" 200 133
::1 - [19/Oct/2016:13:13:29 +0530] "POST /api/quiz/ping HTTP/1.1" 200 44
::1 - [19/Oct/2016:13:13:32 +0530] "POST /api/quiz/ping HTTP/1.1" 200 44
::1 - [19/Oct/2016:13:13:36 +0530] "GET / HTTP/1.1" 304 0
::1 - [19/Oct/2016:13:13:36 +0530] "POST /api/validate/0x4e654ccae57e9811oSZ0LIGyb4IFvgUjdojL6gH4jfFmi3md9 HTTP/1.1" 401 112
::1 - [19/Oct/2016:13:13:38 +0530] "GET / HTTP/1.1" 304 0
::1 - [19/Oct/2016:13:13:39 +0530] "POST /api/validate/0x4e654ccae57e9811oSZ0LIGyb4IFvgUjdojL6gH4jfFmi3md9 HTTP/1.1" 401 112
::1 - [19/Oct/2016:13:13:40 +0530] "GET / HTTP/1.1" 304 0
::1 - [19/Oct/2016:13:13:41 +0530] "POST /api/validate/0x4e654ccae57e9811oSZ0LIGyb4IFvgUjdojL6gH4jfFmi3md9 HTTP/1.1" 401 112
::1 - [19/Oct/2016:13:13:43 +0530] "GET / HTTP/1.1" 304 0
::1 - [19/Oct/2016:13:13:44 +0530] "POST /api/validate/0x4e654ccae57e9811oSZ0LIGyb4IFvgUjdojL6gH4jfFmi3md9 HTTP/1.1" 200 209
::1 - [19/Oct/2016:13:13:44 +0530] "POST /api/quiz/question HTTP/1.1" 200 270
::1 - [19/Oct/2016:13:13:44 +0530] "POST /api/quiz/ping HTTP/1.1" 200 44
::1 - [19/Oct/2016:13:13:49 +0530] "POST /api/quiz/ping HTTP/1.1" 200 44
::1 - [19/Oct/2016:13:13:54 +0530] "POST /api/quiz/ping HTTP/1.1" 200 44
::1 - [19/Oct/2016:13:13:55 +0530] "POST /api/quiz/answer HTTP/1.1" 200 23
::1 - [19/Oct/2016:13:13:55 +0530] "POST /api/quiz/question HTTP/1.1" 200 280
::1 - [19/Oct/2016:13:13:57 +0530] "POST /api/quiz/answer HTTP/1.1" 200 23
::1 - [19/Oct/2016:13:13:57 +0530] "POST /api/quiz/question HTTP/1.1" 200 117
::1 - [19/Oct/2016:13:14:00 +0530] "GET /api/admin/get-all-quizes HTTP/1.1" 200 489
::1 - [19/Oct/2016:13:14:00 +0530] "POST /api/admin/get-all-questions HTTP/1.1" 200 946
::1 - [19/Oct/2016:13:14:01 +0530] "GET /api/admin/candidates?quiz_id=0xdbeef2e2c6fe6b88 HTTP/1.1" 200 579
::1 - [19/Oct/2016:13:14:01 +0530] "GET /api/admin/get-all-quizes HTTP/1.1" 200 487
::1 - [19/Oct/2016:13:14:04 +0530] "GET /app/components/invite/views/candidate-report.html HTTP/1.1" 304 0
::1 - [19/Oct/2016:13:14:04 +0530] "GET /api/admin/candidate/report/0xfe0a91c51e70cecd HTTP/1.1" 200 614
::1 - [19/Oct/2016:13:14:09 +0530] "GET /api/admin/candidates?quiz_id=0xdbeef2e2c6fe6b88 HTTP/1.1" 200 579
::1 - [19/Oct/2016:15:22:37 +0530] "GET /assets/css/_base.css HTTP/1.1" 304 0
::1 - [19/Oct/2016:15:22:37 +0530] "GET /assets/css/custom.css HTTP/1.1" 304 0
::1 - [19/Oct/2016:15:22:37 +0530] "GET /assets/css/_layout.css HTTP/1.1" 304 0
::1 - [19/Oct/2016:15:22:37 +0530] "GET /assets/lib/js/ui-codemirror.min.js HTTP/1.1" 304 0
::1 - [19/Oct/2016:15:22:37 +0530] "GET /assets/lib/js/duration.js HTTP/1.1" 304 0
::1 - [19/Oct/2016:15:22:37 +0530] "GET /app/app.module.js?v=20160415-1 HTTP/1.1" 304 0
::1 - [19/Oct/2016:15:22:37 +0530] "GET /app/app.route.js?v=20160405-1 HTTP/1.1" 304 0
::1 - [19/Oct/2016:15:22:37 +0530] "GET /assets/js/gru.js?v=20160405-1 HTTP/1.1" 304 0
::1 - [19/Oct/2016:15:22:38 +0530] "GET /app/components/login/loginController.js HTTP/1.1" 200 531
::1 - [19/Oct/2016:15:22:38 +0530] "GET /app/components/login/loginService.js HTTP/1.1" 304 0
::1 - [19/Oct/2016:15:22:38 +0530] "GET /app/components/login/index.html HTTP/1.1" 200 385
::1 - [19/Oct/2016:15:22:38 +0530] "GET /app/components/home/home.html HTTP/1.1" 304 0
::1 - [19/Oct/2016:15:22:38 +0530] "GET /assets/img/home-cover.jpg HTTP/1.1" 304 0
::1 - [19/Oct/2016:15:22:47 +0530] "POST /api/admin/login HTTP/1.1" 200 121
::1 - [19/Oct/2016:15:22:50 +0530] "GET /app/components/question/questionController.js HTTP/1.1" 304 0
::1 - [19/Oct/2016:15:22:50 +0530] "GET /app/components/question/questionServices.js HTTP/1.1" 304 0
::1 - [19/Oct/2016:15:22:50 +0530] "GET /assets/lib/js/codemirror.js HTTP/1.1" 304 0
::1 - [19/Oct/2016:15:22:50 +0530] "GET /assets/lib/js/javascript.js HTTP/1.1" 304 0
::1 - [19/Oct/2016:15:22:50 +0530] "GET /assets/lib/js/highlight.pack.js HTTP/1.1" 304 0
::1 - [19/Oct/2016:15:22:50 +0530] "GET /app/components/question/index.html HTTP/1.1" 304 0
::1 - [19/Oct/2016:15:22:50 +0530] "GET /app/components/question/all-question.html HTTP/1.1" 304 0
::1 - [19/Oct/2016:15:22:51 +0530] "POST /api/admin/get-all-questions HTTP/1.1" 200 941
::1 - [19/Oct/2016:15:22:51 +0530] "GET /api/admin/get-all-tags HTTP/1.1" 200 304
::1 - [19/Oct/2016:15:22:51 +0530] "GET /api/admin/get-all-tags HTTP/1.1" 200 305
::1 - [19/Oct/2016:15:22:54 +0530] "POST /api/admin/get-all-questions HTTP/1.1" 200 155
::1 - [19/Oct/2016:15:22:59 +0530] "GET /app/components/question/views/edit-question.html HTTP/1.1" 200 1075
::1 - [19/Oct/2016:15:22:59 +0530] "GET /api/admin/question/0x234858cc93324642 HTTP/1.1" 200 282
::1 - [19/Oct/2016:15:22:59 +0530] "GET /api/admin/get-all-tags HTTP/1.1" 200 304
::1 - [19/Oct/2016:15:23:05 +0530] "PUT /api/admin/question/0x234858cc93324642 HTTP/1.1" 200 90
::1 - [19/Oct/2016:15:23:05 +0530] "POST /api/admin/get-all-questions HTTP/1.1" 200 947
::1 - [19/Oct/2016:15:23:05 +0530] "GET /api/admin/get-all-tags HTTP/1.1" 200 304
::1 - [19/Oct/2016:15:23:07 +0530] "POST /api/admin/get-all-questions HTTP/1.1" 200 156
::1 - [19/Oct/2016:15:23:14 +0530] "GET /app/components/quiz/quizController.js HTTP/1.1" 200 2130
::1 - [19/Oct/2016:15:23:14 +0530] "GET /app/components/quiz/quizServices.js HTTP/1.1" 304 0
::1 - [19/Oct/2016:15:23:14 +0530] "GET /app/components/quiz/all-quiz.html HTTP/1.1" 304 0
::1 - [19/Oct/2016:15:23:15 +0530] "GET /api/admin/get-all-quizes HTTP/1.1" 200 489
::1 - [19/Oct/2016:15:23:15 +0530] "POST /api/admin/get-all-questions HTTP/1.1" 200 948
::1 - [19/Oct/2016:15:23:16 +0530] "GET /app/components/invite/inviteController.js?v=20161018-1 HTTP/1.1" 304 0
::1 - [19/Oct/2016:15:23:16 +0530] "GET /app/components/invite/index.html HTTP/1.1" 304 0
::1 - [19/Oct/2016:15:23:16 +0530] "GET /app/components/invite/views/invite-user.html HTTP/1.1" 200 680
::1 - [19/Oct/2016:15:23:16 +0530] "GET /app/components/invite/views/quiz-selection.html HTTP/1.1" 304 0
::1 - [19/Oct/2016:15:23:16 +0530] "GET /api/admin/get-all-quizes HTTP/1.1" 200 486
::1 - [19/Oct/2016:15:23:25 +0530] "POST /api/admin/candidate HTTP/1.1" 200 89
::1 - [19/Oct/2016:15:23:25 +0530] "GET /api/admin/candidates?quiz_id=0xdbeef2e2c6fe6b88 HTTP/1.1" 200 596
::1 - [19/Oct/2016:15:23:43 +0530] "GET / HTTP/1.1" 200 1732
::1 - [19/Oct/2016:15:23:43 +0530] "GET /assets/css/main.css?v=20161018-1 HTTP/1.1" 200 80
::1 - [19/Oct/2016:15:23:43 +0530] "GET /assets/lib/css/material.indigo-pink.min.css HTTP/1.1" 200 20819
::1 - [19/Oct/2016:15:23:43 +0530] "GET /assets/css/_base.css HTTP/1.1" 200 233
::1 - [19/Oct/2016:15:23:43 +0530] "GET /assets/css/_layout.css HTTP/1.1" 200 724
::1 - [19/Oct/2016:15:23:43 +0530] "GET /assets/css/_colors.css HTTP/1.1" 200 23
::1 - [19/Oct/2016:15:23:43 +0530] "GET /assets/css/custom.css HTTP/1.1" 200 2247
::1 - [19/Oct/2016:15:23:43 +0530] "GET /assets/css/_utility.css HTTP/1.1" 200 1460
::1 - [19/Oct/2016:15:23:43 +0530] "GET /assets/lib/js/angular.min.js HTTP/1.1" 200 46439
::1 - [19/Oct/2016:15:23:43 +0530] "GET /assets/lib/js/angular-css.min.js HTTP/1.1" 200 2225
::1 - [19/Oct/2016:15:23:43 +0530] "GET /assets/lib/js/angular-ui-router.min.js HTTP/1.1" 200 11336
::1 - [19/Oct/2016:15:23:43 +0530] "GET /assets/lib/js/angular-select.min.js HTTP/1.1" 200 12125
::1 - [19/Oct/2016:15:23:43 +0530] "GET /assets/lib/js/angular-route.min.js?v=20161018-1 HTTP/1.1" 200 2066
::1 - [19/Oct/2016:15:23:43 +0530] "GET /assets/lib/js/angular-sanitize.min.js HTTP/1.1" 200 3238
::1 - [19/Oct/2016:15:23:43 +0530] "GET /assets/lib/js/ui-codemirror.min.js HTTP/1.1" 200 908
::1 - [19/Oct/2016:15:23:43 +0530] "GET /assets/lib/js/jquery-2.1.1.min.js HTTP/1.1" 200 29709
::1 - [19/Oct/2016:15:23:44 +0530] "GET /app/app.module.js?v=20160415-1 HTTP/1.1" 200 3976
::1 - [19/Oct/2016:15:23:44 +0530] "GET /app/app.route.js?v=20160405-1 HTTP/1.1" 200 1384
::1 - [19/Oct/2016:15:23:44 +0530] "GET /assets/lib/js/duration.js HTTP/1.1" 200 987
::1 - [19/Oct/2016:15:23:44 +0530] "GET /assets/lib/js/ocLazyLoad.min.js HTTP/1.1" 200 5484
::1 - [19/Oct/2016:15:23:44 +0530] "GET /assets/js/gru.js?v=20160405-1 HTTP/1.1" 200 1289
::1 - [19/Oct/2016:15:23:44 +0530] "GET /assets/lib/js/material.min.js HTTP/1.1" 200 11597
::1 - [19/Oct/2016:15:23:44 +0530] "GET /app/components/candidate/quizLandingController.js HTTP/1.1" 200 1455
::1 - [19/Oct/2016:15:23:44 +0530] "GET /app/components/candidate/views/quiz-landing.html HTTP/1.1" 200 835
::1 - [19/Oct/2016:15:23:44 +0530] "POST /api/validate/0x49badc0f6e6a9858VFqxo3RQhTI0T70ZesRR1fl5xdWEPSkw9 HTTP/1.1" 200 207
::1 - [19/Oct/2016:15:23:57 +0530] "GET /app/components/candidate/candidateController.js HTTP/1.1" 200 1999
::1 - [19/Oct/2016:15:23:57 +0530] "GET /app/components/candidate/candidateService.js HTTP/1.1" 200 574
::1 - [19/Oct/2016:15:23:59 +0530] "GET /assets/lib/js/highlight.pack.js HTTP/1.1" 200 18404
::1 - [19/Oct/2016:15:23:59 +0530] "GET /app/components/candidate/index.html HTTP/1.1" 200 221
::1 - [19/Oct/2016:15:24:00 +0530] "GET /app/components/candidate/views/quiz.html HTTP/1.1" 200 1171
::1 - [19/Oct/2016:15:24:00 +0530] "POST /api/quiz/question HTTP/1.1" 200 273
::1 - [19/Oct/2016:15:24:00 +0530] "POST /api/quiz/ping HTTP/1.1" 200 45
::1 - [19/Oct/2016:15:24:05 +0530] "POST /api/quiz/ping HTTP/1.1" 200 44
::1 - [19/Oct/2016:15:24:05 +0530] "POST /api/quiz/answer HTTP/1.1" 200 23
::1 - [19/Oct/2016:15:24:05 +0530] "POST /api/quiz/question HTTP/1.1" 200 279
::1 - [19/Oct/2016:15:24:07 +0530] "POST /api/quiz/answer HTTP/1.1" 200 23
::1 - [19/Oct/2016:15:24:07 +0530] "POST /api/quiz/question HTTP/1.1" 200 268
::1 - [19/Oct/2016:15:24:09 +0530] "POST /api/quiz/answer HTTP/1.1" 200 23
::1 - [19/Oct/2016:15:24:09 +0530] "POST /api/quiz/question HTTP/1.1" 200 117
::1 - [19/Oct/2016:15:25:43 +0530] "GET / HTTP/1.1" 304 0
::1 - [19/Oct/2016:15:25:43 +0530] "GET /assets/lib/css/material.indigo-pink.min.css HTTP/1.1" 304 0
::1 - [19/Oct/2016:15:25:43 +0530] "GET /assets/css/main.css?v=20161018-1 HTTP/1.1" 304 0
::1 - [19/Oct/2016:15:25:43 +0530] "GET /assets/css/_base.css HTTP/1.1" 304 0
::1 - [19/Oct/2016:15:25:43 +0530] "GET /assets/css/custom.css HTTP/1.1" 304 0
::1 - [19/Oct/2016:15:25:43 +0530] "GET /assets/css/_colors.css HTTP/1.1" 304 0
::1 - [19/Oct/2016:15:25:43 +0530] "GET /assets/css/_utility.css HTTP/1.1" 304 0
::1 - [19/Oct/2016:15:25:43 +0530] "GET /assets/css/_layout.css HTTP/1.1" 304 0
::1 - [19/Oct/2016:15:25:44 +0530] "GET /assets/lib/js/angular.min.js HTTP/1.1" 304 0
::1 - [19/Oct/2016:15:25:44 +0530] "GET /assets/lib/js/angular-sanitize.min.js HTTP/1.1" 304 0
::1 - [19/Oct/2016:15:25:44 +0530] "GET /assets/lib/js/angular-route.min.js?v=20161018-1 HTTP/1.1" 304 0
::1 - [19/Oct/2016:15:25:44 +0530] "GET /assets/lib/js/angular-select.min.js HTTP/1.1" 304 0
::1 - [19/Oct/2016:15:25:44 +0530] "GET /assets/lib/js/angular-ui-router.min.js HTTP/1.1" 304 0
::1 - [19/Oct/2016:15:25:44 +0530] "GET /assets/lib/js/angular-css.min.js HTTP/1.1" 304 0
::1 - [19/Oct/2016:15:25:44 +0530] "GET /assets/lib/js/ui-codemirror.min.js HTTP/1.1" 304 0
::1 - [19/Oct/2016:15:25:44 +0530] "GET /assets/lib/js/jquery-2.1.1.min.js HTTP/1.1" 304 0
::1 - [19/Oct/2016:15:25:44 +0530] "GET /assets/lib/js/material.min.js HTTP/1.1" 304 0
::1 - [19/Oct/2016:15:25:44 +0530] "GET /assets/lib/js/ocLazyLoad.min.js HTTP/1.1" 304 0
::1 - [19/Oct/2016:15:25:44 +0530] "GET /assets/lib/js/duration.js HTTP/1.1" 304 0
::1 - [19/Oct/2016:15:25:44 +0530] "GET /app/app.module.js?v=20160415-1 HTTP/1.1" 304 0
::1 - [19/Oct/2016:15:25:44 +0530] "GET /app/app.route.js?v=20160405-1 HTTP/1.1" 304 0
::1 - [19/Oct/2016:15:25:44 +0530] "GET /assets/js/gru.js?v=20160405-1 HTTP/1.1" 304 0
::1 - [19/Oct/2016:15:25:47 +0530] "GET /app/components/invite/inviteController.js?v=20161018-1 HTTP/1.1" 304 0
::1 - [19/Oct/2016:15:25:47 +0530] "GET /api/admin/candidates?quiz_id=0xdbeef2e2c6fe6b88 HTTP/1.1" 200 594
::1 - [19/Oct/2016:15:25:47 +0530] "GET /api/admin/get-all-quizes HTTP/1.1" 200 484
::1 - [19/Oct/2016:15:25:51 +0530] "GET /api/admin/candidate/report/0xfe0a91c51e70cecd HTTP/1.1" 200 616
::1 - [19/Oct/2016:15:25:54 +0530] "GET /api/admin/candidates?quiz_id=0xdbeef2e2c6fe6b88 HTTP/1.1" 200 594
::1 - [19/Oct/2016:15:32:52 +0530] "POST /api/admin/candidate HTTP/1.1" 200 89
::1 - [19/Oct/2016:15:32:52 +0530] "GET /api/admin/candidates?quiz_id=0xdbeef2e2c6fe6b88 HTTP/1.1" 200 607
::1 - [19/Oct/2016:15:33:33 +0530] "POST /api/validate/0xd2eab336063c37ec9fXxDQS3xWcUI5a0lHu3lOJzYDmCWdXyt HTTP/1.1" 200 200
::1 - [19/Oct/2016:15:33:45 +0530] "POST /api/quiz/question HTTP/1.1" 200 276
::1 - [19/Oct/2016:15:33:45 +0530] "POST /api/quiz/ping HTTP/1.1" 200 45
::1 - [19/Oct/2016:15:33:50 +0530] "POST /api/quiz/answer HTTP/1.1" 200 23
::1 - [19/Oct/2016:15:33:50 +0530] "POST /api/quiz/question HTTP/1.1" 200 266
::1 - [19/Oct/2016:15:33:50 +0530] "POST /api/quiz/ping HTTP/1.1" 200 44
::1 - [19/Oct/2016:15:33:55 +0530] "POST /api/quiz/ping HTTP/1.1" 200 44
::1 - [19/Oct/2016:15:34:00 +0530] "POST /api/quiz/ping HTTP/1.1" 200 44
::1 - [19/Oct/2016:15:34:05 +0530] "POST /api/quiz/ping HTTP/1.1" 200 44
::1 - [19/Oct/2016:15:34:10 +0530] "POST /api/quiz/ping HTTP/1.1" 200 44
::1 - [19/Oct/2016:15:34:15 +0530] "POST /api/quiz/ping HTTP/1.1" 200 44
::1 - [19/Oct/2016:15:34:20 +0530] "POST /api/quiz/ping HTTP/1.1" 200 44
::1 - [19/Oct/2016:15:34:25 +0530] "POST /api/quiz/ping HTTP/1.1" 200 44
::1 - [19/Oct/2016:15:34:30 +0530] "POST /api/quiz/ping HTTP/1.1" 200 44
::1 - [19/Oct/2016:15:34:35 +0530] "POST /api/quiz/ping HTTP/1.1" 200 44
::1 - [19/Oct/2016:15:34:40 +0530] "POST /api/quiz/ping HTTP/1.1" 200 43
::1 - [19/Oct/2016:15:34:45 +0530] "POST /api/quiz/ping HTTP/1.1" 200 43
::1 - [19/Oct/2016:15:35:34 +0530] "POST /api/admin/candidate HTTP/1.1" 200 89
::1 - [19/Oct/2016:15:35:34 +0530] "GET /api/admin/candidates?quiz_id=0xdbeef2e2c6fe6b88 HTTP/1.1" 200 624
::1 - [19/Oct/2016:15:35:49 +0530] "POST /api/validate/0x223fdbe2a6e2329cJvPCLFz4PMetW8Y7ui3Mu0Ek9vOTiWqVh HTTP/1.1" 200 200
::1 - [19/Oct/2016:15:36:14 +0530] "POST /api/quiz/question HTTP/1.1" 200 275
::1 - [19/Oct/2016:15:36:14 +0530] "POST /api/quiz/ping HTTP/1.1" 200 45
::1 - [19/Oct/2016:15:36:19 +0530] "POST /api/quiz/ping HTTP/1.1" 200 44
::1 - [19/Oct/2016:15:36:24 +0530] "POST /api/quiz/ping HTTP/1.1" 200 44
::1 - [19/Oct/2016:15:36:26 +0530] "POST /api/quiz/answer HTTP/1.1" 200 23
::1 - [19/Oct/2016:15:36:26 +0530] "POST /api/quiz/question HTTP/1.1" 200 272
::1 - [19/Oct/2016:15:36:29 +0530] "POST /api/quiz/ping HTTP/1.1" 200 44
::1 - [19/Oct/2016:15:36:30 +0530] "POST /api/quiz/answer HTTP/1.1" 200 23
::1 - [19/Oct/2016:15:36:30 +0530] "POST /api/quiz/question HTTP/1.1" 200 269
::1 - [19/Oct/2016:15:36:34 +0530] "POST /api/quiz/ping HTTP/1.1" 200 44
::1 - [19/Oct/2016:15:36:39 +0530] "POST /api/quiz/ping HTTP/1.1" 200 44
::1 - [19/Oct/2016:15:36:44 +0530] "POST /api/quiz/ping HTTP/1.1" 200 44
::1 - [19/Oct/2016:15:36:49 +0530] "POST /api/quiz/ping HTTP/1.1" 502 40
::1 - [19/Oct/2016:15:36:54 +0530] "POST /api/quiz/ping HTTP/1.1" 502 40
::1 - [19/Oct/2016:15:36:59 +0530] "POST /api/quiz/ping HTTP/1.1" 502 40
::1 - [19/Oct/2016:15:37:04 +0530] "POST /api/quiz/ping HTTP/1.1" 502 40
::1 - [19/Oct/2016:15:37:09 +0530] "POST /api/quiz/ping HTTP/1.1" 502 40
::1 - [19/Oct/2016:15:37:14 +0530] "POST /api/quiz/ping HTTP/1.1" 502 40
::1 - [19/Oct/2016:15:37:19 +0530] "POST /api/quiz/ping HTTP/1.1" 502 40
::1 - [19/Oct/2016:15:37:24 +0530] "POST /api/quiz/ping HTTP/1.1" 502 40
::1 - [19/Oct/2016:15:37:29 +0530] "POST /api/quiz/ping HTTP/1.1" 502 40
::1 - [19/Oct/2016:15:37:34 +0530] "POST /api/quiz/ping HTTP/1.1" 502 40
::1 - [19/Oct/2016:15:37:39 +0530] "POST /api/quiz/ping HTTP/1.1" 502 40
::1 - [19/Oct/2016:15:37:44 +0530] "POST /api/quiz/ping HTTP/1.1" 502 40
::1 - [19/Oct/2016:15:37:49 +0530] "POST /api/quiz/ping HTTP/1.1" 502 40
::1 - [19/Oct/2016:15:37:54 +0530] "POST /api/quiz/ping HTTP/1.1" 502 40
::1 - [19/Oct/2016:15:37:59 +0530] "POST /api/quiz/ping HTTP/1.1" 502 40
::1 - [19/Oct/2016:15:38:04 +0530] "POST /api/quiz/ping HTTP/1.1" 502 40
::1 - [19/Oct/2016:15:38:09 +0530] "POST /api/quiz/ping HTTP/1.1" 502 40
::1 - [19/Oct/2016:15:38:14 +0530] "POST /api/quiz/ping HTTP/1.1" 502 40
::1 - [19/Oct/2016:15:38:19 +0530] "POST /api/quiz/ping HTTP/1.1" 502 40
::1 - [19/Oct/2016:15:38:24 +0530] "POST /api/quiz/ping HTTP/1.1" 502 40
::1 - [19/Oct/2016:15:38:29 +0530] "POST /api/quiz/ping HTTP/1.1" 502 40
::1 - [19/Oct/2016:15:38:34 +0530] "POST /api/quiz/ping HTTP/1.1" 502 40
::1 - [19/Oct/2016:15:38:39 +0530] "POST /api/quiz/ping HTTP/1.1" 502 40
::1 - [19/Oct/2016:15:38:44 +0530] "POST /api/quiz/ping HTTP/1.1" 502 40
::1 - [19/Oct/2016:15:38:49 +0530] "POST /api/quiz/ping HTTP/1.1" 502 40
::1 - [19/Oct/2016:15:38:54 +0530] "POST /api/quiz/ping HTTP/1.1" 502 40
::1 - [19/Oct/2016:15:38:59 +0530] "POST /api/quiz/ping HTTP/1.1" 502 40
::1 - [19/Oct/2016:15:39:04 +0530] "POST /api/quiz/ping HTTP/1.1" 502 40
::1 - [19/Oct/2016:15:39:09 +0530] "POST /api/quiz/ping HTTP/1.1" 502 40
::1 - [19/Oct/2016:15:39:14 +0530] "POST /api/quiz/ping HTTP/1.1" 502 40
::1 - [19/Oct/2016:15:39:19 +0530] "POST /api/quiz/ping HTTP/1.1" 502 40
::1 - [19/Oct/2016:15:39:24 +0530] "POST /api/quiz/ping HTTP/1.1" 502 40
::1 - [19/Oct/2016:15:39:29 +0530] "POST /api/quiz/ping HTTP/1.1" 200 43
::1 - [19/Oct/2016:15:39:34 +0530] "POST /api/quiz/ping HTTP/1.1" 200 43
::1 - [19/Oct/2016:15:39:39 +0530] "POST /api/quiz/ping HTTP/1.1" 200 43
::1 - [19/Oct/2016:15:39:44 +0530] "POST /api/quiz/ping HTTP/1.1" 502 40
::1 - [19/Oct/2016:15:43:42 +0530] "POST /api/admin/candidate HTTP/1.1" 200 89
::1 - [19/Oct/2016:15:43:42 +0530] "GET /api/admin/candidates?quiz_id=0xdbeef2e2c6fe6b88 HTTP/1.1" 200 636
::1 - [19/Oct/2016:15:43:51 +0530] "POST /api/validate/0xb5fec848cfeebc24Bj283zJ6JtZYQdZDlD5zvOGHVYpOra8fr HTTP/1.1" 200 203
::1 - [19/Oct/2016:15:43:54 +0530] "GET /assets/lib/js/angular.min.js.map HTTP/1.1" 404 14
::1 - [19/Oct/2016:15:43:54 +0530] "GET /assets/lib/js/angular-route.min.js.map HTTP/1.1" 404 14
::1 - [19/Oct/2016:15:43:54 +0530] "GET /assets/lib/js/angular-sanitize.min.js.map HTTP/1.1" 404 14
::1 - [19/Oct/2016:15:43:54 +0530] "GET /assets/lib/js/select.min.js.map HTTP/1.1" 404 14
::1 - [19/Oct/2016:15:43:54 +0530] "GET /assets/lib/js/material.min.js.map HTTP/1.1" 404 14
::1 - [19/Oct/2016:15:44:26 +0530] "POST /api/quiz/question HTTP/1.1" 200 277
::1 - [19/Oct/2016:15:44:26 +0530] "POST /api/quiz/ping HTTP/1.1" 502 40
::1 - [19/Oct/2016:15:44:31 +0530] "POST /api/quiz/ping HTTP/1.1" 502 40
::1 - [19/Oct/2016:15:44:38 +0530] "POST /api/quiz/ping HTTP/1.1" 502 40
::1 - [19/Oct/2016:15:44:42 +0530] "POST /api/quiz/ping HTTP/1.1" 502 40
::1 - [19/Oct/2016:15:44:48 +0530] "POST /api/quiz/ping HTTP/1.1" 502 40
::1 - [19/Oct/2016:15:44:53 +0530] "POST /api/quiz/ping HTTP/1.1" 502 40
::1 - [19/Oct/2016:15:44:58 +0530] "POST /api/quiz/ping HTTP/1.1" 502 40
::1 - [19/Oct/2016:15:45:03 +0530] "POST /api/quiz/ping HTTP/1.1" 502 40
::1 - [19/Oct/2016:15:45:08 +0530] "POST /api/quiz/ping HTTP/1.1" 502 40
::1 - [19/Oct/2016:15:45:13 +0530] "POST /api/quiz/ping HTTP/1.1" 502 40
::1 - [19/Oct/2016:15:45:17 +0530] "POST /api/quiz/ping HTTP/1.1" 502 40
::1 - [19/Oct/2016:15:45:22 +0530] "POST /api/quiz/ping HTTP/1.1" 502 40
::1 - [19/Oct/2016:15:45:28 +0530] "POST /api/quiz/ping HTTP/1.1" 502 40
::1 - [19/Oct/2016:15:45:33 +0530] "POST /api/quiz/ping HTTP/1.1" 502 40
::1 - [19/Oct/2016:15:45:38 +0530] "POST /api/quiz/ping HTTP/1.1" 502 40
::1 - [19/Oct/2016:15:45:43 +0530] "POST /api/quiz/ping HTTP/1.1" 502 40
::1 - [19/Oct/2016:15:45:48 +0530] "POST /api/quiz/ping HTTP/1.1" 502 40
::1 - [19/Oct/2016:15:45:53 +0530] "POST /api/quiz/ping HTTP/1.1" 502 40
::1 - [19/Oct/2016:15:45:57 +0530] "POST /api/quiz/ping HTTP/1.1" 502 40
::1 - [19/Oct/2016:15:46:03 +0530] "POST /api/quiz/ping HTTP/1.1" 502 40
::1 - [19/Oct/2016:15:46:07 +0530] "POST /api/quiz/ping HTTP/1.1" 502 40
::1 - [19/Oct/2016:15:46:13 +0530] "POST /api/quiz/ping HTTP/1.1" 502 40
::1 - [19/Oct/2016:15:46:18 +0530] "POST /api/quiz/ping HTTP/1.1" 502 40
::1 - [19/Oct/2016:15:46:23 +0530] "POST /api/quiz/ping HTTP/1.1" 502 40
::1 - [19/Oct/2016:15:46:28 +0530] "POST /api/quiz/ping HTTP/1.1" 502 40
::1 - [19/Oct/2016:15:46:33 +0530] "POST /api/quiz/ping HTTP/1.1" 502 40
::1 - [19/Oct/2016:15:46:37 +0530] "POST /api/quiz/ping HTTP/1.1" 502 40
::1 - [19/Oct/2016:15:46:58 +0530] "POST /api/admin/candidate HTTP/1.1" 200 89
::1 - [19/Oct/2016:15:46:58 +0530] "GET /api/admin/candidates?quiz_id=0xdbeef2e2c6fe6b88 HTTP/1.1" 200 655
::1 - [19/Oct/2016:15:47:18 +0530] "POST /api/validate/0xe10c9de6dca5fdc7FT5ooNUwzHFRhHuZccavEUmderjqZLggq HTTP/1.1" 200 201
::1 - [19/Oct/2016:15:47:22 +0530] "GET /assets/lib/js/angular.min.js.map HTTP/1.1" 404 14
::1 - [19/Oct/2016:15:47:22 +0530] "GET /assets/lib/js/angular-route.min.js.map HTTP/1.1" 404 14
::1 - [19/Oct/2016:15:47:22 +0530] "GET /assets/lib/js/angular-sanitize.min.js.map HTTP/1.1" 404 14
::1 - [19/Oct/2016:15:47:22 +0530] "GET /assets/lib/js/select.min.js.map HTTP/1.1" 404 14
::1 - [19/Oct/2016:15:47:22 +0530] "GET /assets/lib/js/material.min.js.map HTTP/1.1" 404 14
::1 - [19/Oct/2016:15:47:32 +0530] "GET /app/components/candidate/candidateController.js HTTP/1.1" 200 1999
::1 - [19/Oct/2016:15:47:32 +0530] "GET /app/components/candidate/candidateService.js HTTP/1.1" 200 574
::1 - [19/Oct/2016:15:47:33 +0530] "GET /assets/lib/js/highlight.pack.js HTTP/1.1" 200 18404
::1 - [19/Oct/2016:15:47:33 +0530] "GET /app/components/candidate/index.html HTTP/1.1" 200 221
::1 - [19/Oct/2016:15:47:33 +0530] "GET /app/components/candidate/views/quiz.html HTTP/1.1" 200 1171
::1 - [19/Oct/2016:15:47:33 +0530] "POST /api/quiz/question HTTP/1.1" 200 266
::1 - [19/Oct/2016:15:47:33 +0530] "POST /api/quiz/ping HTTP/1.1" 200 45
::1 - [19/Oct/2016:15:47:40 +0530] "POST /api/quiz/ping HTTP/1.1" 200 44
::1 - [19/Oct/2016:15:47:44 +0530] "POST /api/quiz/ping HTTP/1.1" 200 44
::1 - [19/Oct/2016:15:47:49 +0530] "POST /api/quiz/ping HTTP/1.1" 502 40
::1 - [19/Oct/2016:15:47:54 +0530] "POST /api/quiz/ping HTTP/1.1" 502 40
::1 - [19/Oct/2016:15:47:59 +0530] "POST /api/quiz/ping HTTP/1.1" 502 40
::1 - [19/Oct/2016:15:48:04 +0530] "POST /api/quiz/ping HTTP/1.1" 502 40
::1 - [19/Oct/2016:15:48:09 +0530] "POST /api/quiz/ping HTTP/1.1" 502 40
::1 - [19/Oct/2016:15:48:14 +0530] "POST /api/quiz/ping HTTP/1.1" 200 43
::1 - [19/Oct/2016:15:48:19 +0530] "POST /api/quiz/ping HTTP/1.1" 200 43
::1 - [19/Oct/2016:15:48:24 +0530] "POST /api/quiz/ping HTTP/1.1" 200 43
::1 - [19/Oct/2016:15:48:29 +0530] "POST /api/quiz/ping HTTP/1.1" 200 43
::1 - [19/Oct/2016:15:48:34 +0530] "POST /api/quiz/ping HTTP/1.1" 200 43
::1 - [19/Oct/2016:15:48:39 +0530] "POST /api/quiz/ping HTTP/1.1" 200 43
::1 - [19/Oct/2016:15:48:45 +0530] "POST /api/quiz/ping HTTP/1.1" 502 40
::1 - [19/Oct/2016:15:48:50 +0530] "POST /api/quiz/ping HTTP/1.1" 502 40
::1 - [19/Oct/2016:15:48:55 +0530] "POST /api/quiz/ping HTTP/1.1" 502 40
::1 - [19/Oct/2016:15:49:00 +0530] "POST /api/quiz/ping HTTP/1.1" 502 40
::1 - [19/Oct/2016:15:49:05 +0530] "POST /api/quiz/ping HTTP/1.1" 502 40
::1 - [19/Oct/2016:15:49:10 +0530] "POST /api/quiz/ping HTTP/1.1" 502 40
::1 - [19/Oct/2016:15:49:14 +0530] "POST /api/quiz/ping HTTP/1.1" 502 40
::1 - [19/Oct/2016:15:49:20 +0530] "POST /api/quiz/ping HTTP/1.1" 502 40
::1 - [19/Oct/2016:15:49:25 +0530] "POST /api/quiz/ping HTTP/1.1" 502 40
::1 - [19/Oct/2016:15:49:29 +0530] "POST /api/quiz/ping HTTP/1.1" 502 40
::1 - [19/Oct/2016:15:49:35 +0530] "POST /api/quiz/ping HTTP/1.1" 502 40
::1 - [19/Oct/2016:15:49:40 +0530] "POST /api/quiz/ping HTTP/1.1" 502 40
::1 - [19/Oct/2016:15:49:45 +0530] "POST /api/quiz/ping HTTP/1.1" 502 40
::1 - [19/Oct/2016:15:49:49 +0530] "POST /api/quiz/ping HTTP/1.1" 502 40
::1 - [19/Oct/2016:15:49:54 +0530] "POST /api/quiz/ping HTTP/1.1" 502 40
::1 - [19/Oct/2016:15:50:00 +0530] "POST /api/quiz/ping HTTP/1.1" 502 40
::1 - [19/Oct/2016:15:50:04 +0530] "POST /api/quiz/ping HTTP/1.1" 502 40
::1 - [19/Oct/2016:15:50:09 +0530] "POST /api/quiz/ping HTTP/1.1" 502 40
::1 - [19/Oct/2016:15:50:15 +0530] "POST /api/quiz/ping HTTP/1.1" 502 40
::1 - [19/Oct/2016:15:50:19 +0530] "POST /api/quiz/ping HTTP/1.1" 502 40
::1 - [19/Oct/2016:15:50:24 +0530] "POST /api/quiz/ping HTTP/1.1" 502 40
::1 - [19/Oct/2016:15:50:30 +0530] "POST /api/quiz/ping HTTP/1.1" 502 40
::1 - [19/Oct/2016:15:50:34 +0530] "POST /api/quiz/ping HTTP/1.1" 502 40
::1 - [19/Oct/2016:15:50:40 +0530] "POST /api/quiz/ping HTTP/1.1" 502 40
::1 - [19/Oct/2016:15:50:45 +0530] "POST /api/quiz/ping HTTP/1.1" 502 40
::1 - [19/Oct/2016:15:50:50 +0530] "POST /api/quiz/ping HTTP/1.1" 502 40
::1 - [19/Oct/2016:15:50:55 +0530] "POST /api/quiz/ping HTTP/1.1" 502 40
::1 - [19/Oct/2016:15:50:59 +0530] "POST /api/quiz/ping HTTP/1.1" 502 40
::1 - [19/Oct/2016:15:51:04 +0530] "POST /api/quiz/ping HTTP/1.1" 502 40
::1 - [19/Oct/2016:15:51:10 +0530] "POST /api/quiz/ping HTTP/1.1" 502 40
::1 - [19/Oct/2016:15:51:14 +0530] "POST /api/quiz/ping HTTP/1.1" 502 40
::1 - [19/Oct/2016:15:51:19 +0530] "POST /api/quiz/ping HTTP/1.1" 502 40
::1 - [19/Oct/2016:15:51:25 +0530] "POST /api/quiz/ping HTTP/1.1" 502 40
::1 - [19/Oct/2016:15:51:30 +0530] "POST /api/quiz/ping HTTP/1.1" 502 40
::1 - [19/Oct/2016:15:51:34 +0530] "POST /api/quiz/ping HTTP/1.1" 502 40
::1 - [19/Oct/2016:15:51:40 +0530] "POST /api/quiz/ping HTTP/1.1" 502 40
::1 - [19/Oct/2016:15:51:44 +0530] "POST /api/quiz/ping HTTP/1.1" 502 40
::1 - [19/Oct/2016:15:51:49 +0530] "POST /api/quiz/ping HTTP/1.1" 502 40
::1 - [19/Oct/2016:15:51:55 +0530] "POST /api/quiz/ping HTTP/1.1" 502 40
::1 - [19/Oct/2016:15:52:00 +0530] "POST /api/quiz/ping HTTP/1.1" 502 40
::1 - [19/Oct/2016:15:52:04 +0530] "POST /api/quiz/ping HTTP/1.1" 502 40
::1 - [19/Oct/2016:15:52:09 +0530] "POST /api/quiz/ping HTTP/1.1" 502 40
::1 - [19/Oct/2016:15:52:15 +0530] "POST /api/quiz/ping HTTP/1.1" 502 40
::1 - [19/Oct/2016:15:52:20 +0530] "POST /api/quiz/ping HTTP/1.1" 502 40
::1 - [19/Oct/2016:15:52:25 +0530] "POST /api/quiz/ping HTTP/1.1" 502 40
::1 - [19/Oct/2016:15:52:29 +0530] "POST /api/quiz/ping HTTP/1.1" 502 40
::1 - [19/Oct/2016:15:52:35 +0530] "POST /api/quiz/ping HTTP/1.1" 502 40
::1 - [19/Oct/2016:15:52:39 +0530] "POST /api/quiz/ping HTTP/1.1" 502 40
::1 - [19/Oct/2016:15:52:45 +0530] "POST /api/quiz/ping HTTP/1.1" 502 40
::1 - [19/Oct/2016:15:52:50 +0530] "POST /api/quiz/ping HTTP/1.1" 502 40
::1 - [19/Oct/2016:15:52:55 +0530] "POST /api/quiz/ping HTTP/1.1" 502 40
::1 - [19/Oct/2016:15:53:00 +0530] "POST /api/quiz/ping HTTP/1.1" 502 40
::1 - [19/Oct/2016:15:53:04 +0530] "POST /api/quiz/ping HTTP/1.1" 502 40
::1 - [19/Oct/2016:15:53:09 +0530] "POST /api/quiz/ping HTTP/1.1" 502 40
::1 - [19/Oct/2016:15:53:15 +0530] "POST /api/quiz/ping HTTP/1.1" 502 40
::1 - [19/Oct/2016:15:53:20 +0530] "POST /api/quiz/ping HTTP/1.1" 502 40
::1 - [19/Oct/2016:15:53:24 +0530] "POST /api/quiz/ping HTTP/1.1" 502 40
::1 - [19/Oct/2016:15:53:30 +0530] "POST /api/quiz/ping HTTP/1.1" 502 40
::1 - [19/Oct/2016:15:53:35 +0530] "POST /api/quiz/ping HTTP/1.1" 502 40
::1 - [19/Oct/2016:15:53:39 +0530] "POST /api/quiz/ping HTTP/1.1" 502 40
::1 - [19/Oct/2016:15:53:45 +0530] "POST /api/quiz/ping HTTP/1.1" 502 40
::1 - [19/Oct/2016:15:53:50 +0530] "POST /api/quiz/ping HTTP/1.1" 502 40
::1 - [19/Oct/2016:15:53:55 +0530] "POST /api/quiz/ping HTTP/1.1" 502 40
::1 - [19/Oct/2016:15:54:00 +0530] "POST /api/quiz/ping HTTP/1.1" 502 40
::1 - [19/Oct/2016:15:54:04 +0530] "POST /api/quiz/ping HTTP/1.1" 502 40
::1 - [19/Oct/2016:15:54:10 +0530] "POST /api/quiz/ping HTTP/1.1" 502 40
::1 - [19/Oct/2016:15:54:14 +0530] "POST /api/quiz/ping HTTP/1.1" 502 40
::1 - [19/Oct/2016:15:54:20 +0530] "POST /api/quiz/ping HTTP/1.1" 502 40
::1 - [19/Oct/2016:15:54:25 +0530] "POST /api/quiz/ping HTTP/1.1" 502 40
::1 - [19/Oct/2016:15:54:29 +0530] "POST /api/quiz/ping HTTP/1.1" 502 40
::1 - [19/Oct/2016:15:54:35 +0530] "POST /api/quiz/ping HTTP/1.1" 502 40
::1 - [19/Oct/2016:15:54:40 +0530] "POST /api/quiz/ping HTTP/1.1" 502 40
::1 - [19/Oct/2016:15:54:45 +0530] "POST /api/quiz/ping HTTP/1.1" 502 40
::1 - [19/Oct/2016:15:54:49 +0530] "POST /api/quiz/ping HTTP/1.1" 502 40
::1 - [19/Oct/2016:15:54:54 +0530] "POST /api/quiz/ping HTTP/1.1" 502 40
::1 - [19/Oct/2016:15:55:00 +0530] "POST /api/quiz/ping HTTP/1.1" 502 40
::1 - [19/Oct/2016:15:55:04 +0530] "POST /api/quiz/ping HTTP/1.1" 502 40
::1 - [19/Oct/2016:15:55:09 +0530] "POST /api/quiz/ping HTTP/1.1" 502 40
::1 - [19/Oct/2016:15:55:14 +0530] "POST /api/quiz/ping HTTP/1.1" 502 40
::1 - [19/Oct/2016:15:55:20 +0530] "POST /api/quiz/ping HTTP/1.1" 502 40
::1 - [19/Oct/2016:15:55:24 +0530] "POST /api/quiz/ping HTTP/1.1" 502 40
::1 - [19/Oct/2016:15:55:30 +0530] "POST /api/quiz/ping HTTP/1.1" 200 43
::1 - [19/Oct/2016:15:55:34 +0530] "POST /api/quiz/ping HTTP/1.1" 200 43
::1 - [19/Oct/2016:15:55:39 +0530] "POST /api/quiz/ping HTTP/1.1" 200 43
::1 - [19/Oct/2016:15:55:44 +0530] "POST /api/quiz/ping HTTP/1.1" 200 43
::1 - [19/Oct/2016:15:55:50 +0530] "POST /api/quiz/ping HTTP/1.1" 502 40
::1 - [19/Oct/2016:15:55:54 +0530] "POST /api/quiz/ping HTTP/1.1" 502 40
::1 - [19/Oct/2016:15:56:00 +0530] "POST /api/quiz/ping HTTP/1.1" 502 40
::1 - [19/Oct/2016:15:56:04 +0530] "POST /api/quiz/ping HTTP/1.1" 502 40
::1 - [19/Oct/2016:15:56:10 +0530] "POST /api/quiz/ping HTTP/1.1" 502 40
::1 - [19/Oct/2016:15:56:15 +0530] "POST /api/quiz/ping HTTP/1.1" 502 40
::1 - [19/Oct/2016:15:56:19 +0530] "POST /api/quiz/ping HTTP/1.1" 502 40
::1 - [19/Oct/2016:15:56:25 +0530] "POST /api/quiz/ping HTTP/1.1" 502 40
::1 - [19/Oct/2016:15:56:29 +0530] "POST /api/quiz/ping HTTP/1.1" 502 40
::1 - [19/Oct/2016:15:56:34 +0530] "POST /api/quiz/ping HTTP/1.1" 502 40
::1 - [19/Oct/2016:15:56:40 +0530] "POST /api/quiz/ping HTTP/1.1" 502 40
::1 - [19/Oct/2016:15:56:44 +0530] "POST /api/quiz/ping HTTP/1.1" 502 40
::1 - [19/Oct/2016:15:56:49 +0530] "POST /api/quiz/ping HTTP/1.1" 502 40
::1 - [19/Oct/2016:15:56:54 +0530] "POST /api/quiz/ping HTTP/1.1" 502 40
::1 - [19/Oct/2016:15:57:00 +0530] "POST /api/quiz/ping HTTP/1.1" 502 40
::1 - [19/Oct/2016:15:57:04 +0530] "POST /api/quiz/ping HTTP/1.1" 502 40
::1 - [19/Oct/2016:15:57:09 +0530] "POST /api/quiz/ping HTTP/1.1" 502 40
::1 - [19/Oct/2016:15:57:14 +0530] "POST /api/quiz/ping HTTP/1.1" 200 43
::1 - [19/Oct/2016:15:57:19 +0530] "POST /api/quiz/ping HTTP/1.1" 200 43
::1 - [19/Oct/2016:15:57:25 +0530] "POST /api/quiz/ping HTTP/1.1" 502 40
::1 - [19/Oct/2016:15:57:29 +0530] "POST /api/quiz/ping HTTP/1.1" 502 40
::1 - [19/Oct/2016:15:57:34 +0530] "POST /api/quiz/ping HTTP/1.1" 502 40
::1 - [19/Oct/2016:15:57:40 +0530] "POST /api/quiz/ping HTTP/1.1" 502 40
::1 - [19/Oct/2016:15:57:44 +0530] "POST /api/quiz/ping HTTP/1.1" 502 40
::1 - [19/Oct/2016:15:57:50 +0530] "POST /api/quiz/ping HTTP/1.1" 502 40
::1 - [19/Oct/2016:15:57:54 +0530] "POST /api/quiz/ping HTTP/1.1" 502 40
::1 - [19/Oct/2016:15:57:59 +0530] "POST /api/quiz/ping HTTP/1.1" 502 40
::1 - [19/Oct/2016:15:58:05 +0530] "POST /api/quiz/ping HTTP/1.1" 502 40
::1 - [19/Oct/2016:15:58:09 +0530] "POST /api/quiz/ping HTTP/1.1" 502 40
::1 - [19/Oct/2016:15:58:15 +0530] "POST /api/quiz/ping HTTP/1.1" 502 40
::1 - [19/Oct/2016:15:58:19 +0530] "POST /api/quiz/ping HTTP/1.1" 502 40
::1 - [19/Oct/2016:15:58:25 +0530] "POST /api/quiz/ping HTTP/1.1" 502 40
::1 - [19/Oct/2016:15:58:30 +0530] "POST /api/quiz/ping HTTP/1.1" 502 40
::1 - [19/Oct/2016:15:58:35 +0530] "POST /api/quiz/ping HTTP/1.1" 502 40
::1 - [19/Oct/2016:15:58:40 +0530] "POST /api/quiz/ping HTTP/1.1" 502 40
::1 - [19/Oct/2016:15:58:44 +0530] "POST /api/quiz/ping HTTP/1.1" 502 40
::1 - [19/Oct/2016:15:58:50 +0530] "POST /api/quiz/ping HTTP/1.1" 502 40
::1 - [19/Oct/2016:15:58:54 +0530] "POST /api/quiz/ping HTTP/1.1" 502 40
::1 - [19/Oct/2016:15:59:00 +0530] "POST /api/quiz/ping HTTP/1.1" 502 40
::1 - [19/Oct/2016:15:59:04 +0530] "POST /api/quiz/ping HTTP/1.1" 502 40
::1 - [19/Oct/2016:15:59:10 +0530] "POST /api/quiz/ping HTTP/1.1" 502 40
::1 - [19/Oct/2016:15:59:15 +0530] "POST /api/quiz/ping HTTP/1.1" 502 40
::1 - [19/Oct/2016:15:59:19 +0530] "POST /api/quiz/ping HTTP/1.1" 502 40
::1 - [19/Oct/2016:15:59:24 +0530] "POST /api/quiz/ping HTTP/1.1" 502 40
::1 - [19/Oct/2016:15:59:30 +0530] "POST /api/quiz/ping HTTP/1.1" 502 40
::1 - [19/Oct/2016:15:59:34 +0530] "POST /api/quiz/ping HTTP/1.1" 502 40
::1 - [19/Oct/2016:15:59:40 +0530] "POST /api/quiz/ping HTTP/1.1" 502 40
::1 - [19/Oct/2016:15:59:45 +0530] "POST /api/quiz/ping HTTP/1.1" 502 40
::1 - [19/Oct/2016:15:59:49 +0530] "POST /api/quiz/ping HTTP/1.1" 502 40
::1 - [19/Oct/2016:15:59:55 +0530] "POST /api/quiz/ping HTTP/1.1" 502 40
::1 - [19/Oct/2016:15:59:59 +0530] "POST /api/quiz/ping HTTP/1.1" 502 40
::1 - [19/Oct/2016:16:00:05 +0530] "POST /api/quiz/ping HTTP/1.1" 502 40
::1 - [19/Oct/2016:16:00:09 +0530] "POST /api/quiz/ping HTTP/1.1" 502 40
::1 - [19/Oct/2016:16:00:15 +0530] "POST /api/quiz/ping HTTP/1.1" 502 40
::1 - [19/Oct/2016:16:00:19 +0530] "POST /api/quiz/ping HTTP/1.1" 502 40
::1 - [19/Oct/2016:16:00:24 +0530] "POST /api/quiz/ping HTTP/1.1" 502 40
::1 - [19/Oct/2016:16:00:30 +0530] "POST /api/quiz/ping HTTP/1.1" 502 40
::1 - [19/Oct/2016:16:00:35 +0530] "POST /api/quiz/ping HTTP/1.1" 502 40
::1 - [19/Oct/2016:16:00:40 +0530] "POST /api/quiz/ping HTTP/1.1" 502 40
::1 - [19/Oct/2016:16:00:45 +0530] "POST /api/quiz/ping HTTP/1.1" 502 40
::1 - [19/Oct/2016:16:00:49 +0530] "POST /api/quiz/ping HTTP/1.1" 502 40
::1 - [19/Oct/2016:16:00:55 +0530] "POST /api/quiz/ping HTTP/1.1" 502 40
::1 - [19/Oct/2016:16:01:00 +0530] "POST /api/quiz/ping HTTP/1.1" 502 40
::1 - [19/Oct/2016:16:01:05 +0530] "POST /api/quiz/ping HTTP/1.1" 502 40
::1 - [19/Oct/2016:16:01:10 +0530] "POST /api/quiz/ping HTTP/1.1" 502 40
::1 - [19/Oct/2016:16:01:15 +0530] "POST /api/quiz/ping HTTP/1.1" 502 40
::1 - [19/Oct/2016:16:01:20 +0530] "POST /api/quiz/ping HTTP/1.1" 502 40
::1 - [19/Oct/2016:16:01:25 +0530] "POST /api/quiz/ping HTTP/1.1" 502 40
::1 - [19/Oct/2016:16:01:29 +0530] "POST /api/quiz/ping HTTP/1.1" 502 40
::1 - [19/Oct/2016:16:01:34 +0530] "POST /api/quiz/ping HTTP/1.1" 502 40
::1 - [19/Oct/2016:16:01:40 +0530] "POST /api/quiz/ping HTTP/1.1" 502 40
::1 - [19/Oct/2016:16:01:44 +0530] "POST /api/quiz/ping HTTP/1.1" 502 40
::1 - [19/Oct/2016:16:01:50 +0530] "POST /api/quiz/ping HTTP/1.1" 502 40
::1 - [19/Oct/2016:16:01:54 +0530] "POST /api/quiz/ping HTTP/1.1" 502 40
::1 - [19/Oct/2016:16:02:00 +0530] "POST /api/quiz/ping HTTP/1.1" 502 40
::1 - [19/Oct/2016:16:02:04 +0530] "POST /api/quiz/ping HTTP/1.1" 502 40
::1 - [19/Oct/2016:16:02:10 +0530] "POST /api/quiz/ping HTTP/1.1" 502 40
::1 - [19/Oct/2016:16:02:14 +0530] "POST /api/quiz/ping HTTP/1.1" 502 40
::1 - [19/Oct/2016:16:02:20 +0530] "POST /api/quiz/ping HTTP/1.1" 502 40
::1 - [19/Oct/2016:16:02:25 +0530] "POST /api/quiz/ping HTTP/1.1" 200 43
::1 - [19/Oct/2016:16:02:29 +0530] "POST /api/quiz/ping HTTP/1.1" 200 43
::1 - [19/Oct/2016:16:02:34 +0530] "POST /api/quiz/ping HTTP/1.1" 200 43
::1 - [19/Oct/2016:16:02:39 +0530] "POST /api/quiz/ping HTTP/1.1" 200 43
::1 - [19/Oct/2016:16:02:45 +0530] "POST /api/quiz/ping HTTP/1.1" 200 43
::1 - [19/Oct/2016:16:02:50 +0530] "POST /api/quiz/ping HTTP/1.1" 200 43
::1 - [19/Oct/2016:16:02:55 +0530] "POST /api/quiz/ping HTTP/1.1" 200 43
::1 - [19/Oct/2016:16:02:59 +0530] "POST /api/quiz/ping HTTP/1.1" 200 43
::1 - [19/Oct/2016:16:03:05 +0530] "POST /api/quiz/ping HTTP/1.1" 200 43
::1 - [19/Oct/2016:16:03:10 +0530] "POST /api/quiz/ping HTTP/1.1" 200 43
::1 - [19/Oct/2016:16:03:15 +0530] "POST /api/quiz/ping HTTP/1.1" 200 43
::1 - [19/Oct/2016:16:03:19 +0530] "POST /api/quiz/ping HTTP/1.1" 200 43
::1 - [19/Oct/2016:16:03:25 +0530] "POST /api/quiz/ping HTTP/1.1" 200 43
::1 - [19/Oct/2016:16:03:30 +0530] "POST /api/quiz/ping HTTP/1.1" 200 43
::1 - [19/Oct/2016:16:03:35 +0530] "POST /api/quiz/ping HTTP/1.1" 200 43
::1 - [19/Oct/2016:16:03:39 +0530] "POST /api/quiz/ping HTTP/1.1" 200 43
::1 - [19/Oct/2016:16:03:45 +0530] "POST /api/quiz/ping HTTP/1.1" 200 43
::1 - [19/Oct/2016:16:03:50 +0530] "POST /api/quiz/ping HTTP/1.1" 200 43
::1 - [19/Oct/2016:16:03:54 +0530] "POST /api/quiz/ping HTTP/1.1" 200 43
::1 - [19/Oct/2016:16:04:00 +0530] "POST /api/quiz/ping HTTP/1.1" 200 43
::1 - [19/Oct/2016:16:04:04 +0530] "POST /api/quiz/ping HTTP/1.1" 200 43
::1 - [19/Oct/2016:16:04:09 +0530] "POST /api/quiz/ping HTTP/1.1" 200 43
::1 - [19/Oct/2016:16:04:15 +0530] "POST /api/quiz/ping HTTP/1.1" 200 43
::1 - [19/Oct/2016:16:04:19 +0530] "POST /api/quiz/ping HTTP/1.1" 200 43
::1 - [19/Oct/2016:16:04:25 +0530] "POST /api/quiz/ping HTTP/1.1" 502 40
::1 - [19/Oct/2016:16:04:29 +0530] "POST /api/quiz/ping HTTP/1.1" 200 43
::1 - [19/Oct/2016:16:04:34 +0530] "POST /api/quiz/ping HTTP/1.1" 200 43
::1 - [19/Oct/2016:16:04:39 +0530] "POST /api/quiz/ping HTTP/1.1" 200 43
::1 - [19/Oct/2016:16:04:44 +0530] "POST /api/quiz/ping HTTP/1.1" 200 43
::1 - [19/Oct/2016:16:04:50 +0530] "POST /api/quiz/ping HTTP/1.1" 200 43
::1 - [19/Oct/2016:16:04:54 +0530] "POST /api/quiz/ping HTTP/1.1" 200 43
::1 - [19/Oct/2016:16:04:59 +0530] "POST /api/quiz/ping HTTP/1.1" 200 43
::1 - [19/Oct/2016:16:05:05 +0530] "POST /api/quiz/ping HTTP/1.1" 200 43
::1 - [19/Oct/2016:16:05:09 +0530] "POST /api/quiz/ping HTTP/1.1" 200 43
::1 - [19/Oct/2016:16:05:15 +0530] "POST /api/quiz/ping HTTP/1.1" 200 43
::1 - [19/Oct/2016:16:05:19 +0530] "POST /api/quiz/ping HTTP/1.1" 200 43
::1 - [19/Oct/2016:16:05:25 +0530] "POST /api/quiz/ping HTTP/1.1" 200 43
::1 - [19/Oct/2016:16:05:30 +0530] "POST /api/quiz/ping HTTP/1.1" 200 43
::1 - [19/Oct/2016:16:05:34 +0530] "POST /api/quiz/ping HTTP/1.1" 200 43
::1 - [19/Oct/2016:16:05:39 +0530] "POST /api/quiz/ping HTTP/1.1" 200 43
::1 - [19/Oct/2016:16:05:45 +0530] "POST /api/quiz/ping HTTP/1.1" 200 43
::1 - [19/Oct/2016:16:05:49 +0530] "POST /api/quiz/ping HTTP/1.1" 200 48
::1 - [19/Oct/2016:16:07:30 +0530] "POST /api/admin/candidate HTTP/1.1" 200 89
::1 - [19/Oct/2016:16:07:30 +0530] "GET /api/admin/candidates?quiz_id=0xd3af0fa00b198dff HTTP/1.1" 200 544
::1 - [19/Oct/2016:16:07:45 +0530] "GET /assets/css/custom.css HTTP/1.1" 304 0
::1 - [19/Oct/2016:16:07:45 +0530] "GET /app/app.route.js?v=20160405-1 HTTP/1.1" 304 0
::1 - [19/Oct/2016:16:07:46 +0530] "POST /api/validate/0x142141b95eb4ef6dDolbG0fO0NJq072F2CdhmTubVD9iq9LJE HTTP/1.1" 200 203
::1 - [19/Oct/2016:16:07:50 +0530] "GET /assets/lib/js/angular.min.js.map HTTP/1.1" 404 14
::1 - [19/Oct/2016:16:07:50 +0530] "GET /assets/lib/js/angular-sanitize.min.js.map HTTP/1.1" 404 14
::1 - [19/Oct/2016:16:07:50 +0530] "GET /assets/lib/js/material.min.js.map HTTP/1.1" 404 14
::1 - [19/Oct/2016:16:07:50 +0530] "GET /assets/lib/js/angular-route.min.js.map HTTP/1.1" 404 14
::1 - [19/Oct/2016:16:07:50 +0530] "GET /assets/lib/js/select.min.js.map HTTP/1.1" 404 14
::1 - [19/Oct/2016:16:07:56 +0530] "POST /api/quiz/question HTTP/1.1" 200 301
::1 - [19/Oct/2016:16:07:56 +0530] "POST /api/quiz/ping HTTP/1.1" 200 45
::1 - [19/Oct/2016:16:08:01 +0530] "POST /api/quiz/ping HTTP/1.1" 200 46
::1 - [19/Oct/2016:16:08:05 +0530] "POST /api/quiz/answer HTTP/1.1" 200 23
::1 - [19/Oct/2016:16:08:05 +0530] "POST /api/quiz/question HTTP/1.1" 200 274
::1 - [19/Oct/2016:16:08:06 +0530] "POST /api/quiz/ping HTTP/1.1" 200 46
::1 - [19/Oct/2016:16:08:12 +0530] "POST /api/quiz/ping HTTP/1.1" 502 40
::1 - [19/Oct/2016:16:08:18 +0530] "POST /api/quiz/ping HTTP/1.1" 502 40
::1 - [19/Oct/2016:16:08:23 +0530] "POST /api/quiz/ping HTTP/1.1" 502 40
::1 - [19/Oct/2016:16:08:28 +0530] "POST /api/quiz/ping HTTP/1.1" 502 40
::1 - [19/Oct/2016:16:08:33 +0530] "POST /api/quiz/ping HTTP/1.1" 502 40
::1 - [19/Oct/2016:16:08:38 +0530] "POST /api/quiz/ping HTTP/1.1" 502 40
::1 - [19/Oct/2016:16:08:43 +0530] "POST /api/quiz/ping HTTP/1.1" 502 40
::1 - [19/Oct/2016:16:08:48 +0530] "POST /api/quiz/ping HTTP/1.1" 502 40
::1 - [19/Oct/2016:16:08:53 +0530] "POST /api/quiz/ping HTTP/1.1" 502 40
::1 - [19/Oct/2016:16:08:58 +0530] "POST /api/quiz/ping HTTP/1.1" 502 40
::1 - [19/Oct/2016:16:09:03 +0530] "POST /api/quiz/ping HTTP/1.1" 502 40
::1 - [19/Oct/2016:16:09:08 +0530] "POST /api/quiz/ping HTTP/1.1" 502 40
::1 - [19/Oct/2016:16:09:13 +0530] "POST /api/quiz/ping HTTP/1.1" 200 43
::1 - [19/Oct/2016:16:09:18 +0530] "POST /api/quiz/ping HTTP/1.1" 200 43
::1 - [19/Oct/2016:16:09:23 +0530] "POST /api/quiz/ping HTTP/1.1" 200 43
::1 - [19/Oct/2016:16:09:28 +0530] "POST /api/quiz/ping HTTP/1.1" 200 43
::1 - [19/Oct/2016:16:09:31 +0530] "POST /api/quiz/ping HTTP/1.1" 200 43
::1 - [19/Oct/2016:16:09:31 +0530] "POST /api/quiz/answer HTTP/1.1" 200 23
::1 - [19/Oct/2016:16:09:31 +0530] "POST /api/quiz/question HTTP/1.1" 200 117
::1 - [19/Oct/2016:16:18:22 +0530] "POST /api/admin/candidate HTTP/1.1" 200 89
::1 - [19/Oct/2016:16:18:22 +0530] "GET /api/admin/candidates?quiz_id=0xd3af0fa00b198dff HTTP/1.1" 200 561
::1 - [19/Oct/2016:16:18:42 +0530] "POST /api/validate/0xa5be5d1acf1f607ujzE32TckTP2j1BzHg4YzZTsxoI1x29ZE HTTP/1.1" 200 202
::1 - [19/Oct/2016:16:18:44 +0530] "GET /assets/lib/js/angular.min.js.map HTTP/1.1" 404 14
::1 - [19/Oct/2016:16:18:44 +0530] "GET /assets/lib/js/angular-sanitize.min.js.map HTTP/1.1" 404 14
::1 - [19/Oct/2016:16:18:44 +0530] "GET /assets/lib/js/angular-route.min.js.map HTTP/1.1" 404 14
::1 - [19/Oct/2016:16:18:44 +0530] "GET /assets/lib/js/select.min.js.map HTTP/1.1" 404 14
::1 - [19/Oct/2016:16:18:44 +0530] "GET /assets/lib/js/material.min.js.map HTTP/1.1" 404 14
::1 - [19/Oct/2016:16:18:48 +0530] "GET /app/components/candidate/candidateController.js HTTP/1.1" 200 1999
::1 - [19/Oct/2016:16:18:48 +0530] "GET /app/components/candidate/candidateService.js HTTP/1.1" 200 574
::1 - [19/Oct/2016:16:18:49 +0530] "GET /assets/lib/js/highlight.pack.js HTTP/1.1" 200 18404
::1 - [19/Oct/2016:16:18:49 +0530] "GET /app/components/candidate/index.html HTTP/1.1" 200 221
::1 - [19/Oct/2016:16:18:49 +0530] "GET /app/components/candidate/views/quiz.html HTTP/1.1" 200 1171
::1 - [19/Oct/2016:16:18:49 +0530] "POST /api/quiz/question HTTP/1.1" 200 233
::1 - [19/Oct/2016:16:18:49 +0530] "POST /api/quiz/ping HTTP/1.1" 200 43
::1 - [19/Oct/2016:16:18:56 +0530] "POST /api/quiz/ping HTTP/1.1" 200 43
::1 - [19/Oct/2016:16:18:59 +0530] "POST /api/quiz/ping HTTP/1.1" 200 43
::1 - [19/Oct/2016:16:19:06 +0530] "POST /api/quiz/ping HTTP/1.1" 200 43
::1 - [19/Oct/2016:16:19:09 +0530] "POST /api/quiz/ping HTTP/1.1" 502 40
::1 - [19/Oct/2016:16:19:15 +0530] "POST /api/quiz/ping HTTP/1.1" 502 40
::1 - [19/Oct/2016:16:19:21 +0530] "POST /api/quiz/ping HTTP/1.1" 502 40
::1 - [19/Oct/2016:16:19:25 +0530] "POST /api/quiz/ping HTTP/1.1" 502 40
::1 - [19/Oct/2016:16:19:31 +0530] "POST /api/quiz/ping HTTP/1.1" 502 40
::1 - [19/Oct/2016:16:19:36 +0530] "POST /api/quiz/ping HTTP/1.1" 502 40
::1 - [19/Oct/2016:16:20:14 +0530] "POST /api/admin/candidate HTTP/1.1" 200 89
::1 - [19/Oct/2016:16:20:15 +0530] "GET /api/admin/candidates?quiz_id=0xd3af0fa00b198dff HTTP/1.1" 200 575
::1 - [19/Oct/2016:16:20:30 +0530] "POST /api/validate/0x97e55d833f6e21453JkDUWb9Kh0Nma0auEtlViXJLNmR2Qe3M HTTP/1.1" 200 199
::1 - [19/Oct/2016:16:20:32 +0530] "GET /assets/lib/js/angular.min.js.map HTTP/1.1" 404 14
::1 - [19/Oct/2016:16:20:32 +0530] "GET /assets/lib/js/angular-sanitize.min.js.map HTTP/1.1" 404 14
::1 - [19/Oct/2016:16:20:32 +0530] "GET /assets/lib/js/angular-route.min.js.map HTTP/1.1" 404 14
::1 - [19/Oct/2016:16:20:32 +0530] "GET /assets/lib/js/select.min.js.map HTTP/1.1" 404 14
::1 - [19/Oct/2016:16:20:32 +0530] "GET /assets/lib/js/material.min.js.map HTTP/1.1" 404 14
::1 - [19/Oct/2016:16:20:36 +0530] "GET /app/components/candidate/candidateController.js HTTP/1.1" 200 1999
::1 - [19/Oct/2016:16:20:36 +0530] "GET /app/components/candidate/candidateService.js HTTP/1.1" 200 574
::1 - [19/Oct/2016:16:20:36 +0530] "GET /assets/lib/js/highlight.pack.js HTTP/1.1" 200 18404
::1 - [19/Oct/2016:16:20:36 +0530] "GET /app/components/candidate/index.html HTTP/1.1" 200 221
::1 - [19/Oct/2016:16:20:36 +0530] "GET /app/components/candidate/views/quiz.html HTTP/1.1" 200 1171
::1 - [19/Oct/2016:16:20:36 +0530] "POST /api/quiz/question HTTP/1.1" 200 272
::1 - [19/Oct/2016:16:20:36 +0530] "POST /api/quiz/ping HTTP/1.1" 200 45
::1 - [19/Oct/2016:16:20:41 +0530] "POST /api/quiz/answer HTTP/1.1" 200 23
::1 - [19/Oct/2016:16:20:41 +0530] "POST /api/quiz/question HTTP/1.1" 200 299
::1 - [19/Oct/2016:16:20:41 +0530] "POST /api/quiz/ping HTTP/1.1" 200 46
::1 - [19/Oct/2016:16:20:48 +0530] "POST /api/quiz/ping HTTP/1.1" 502 40
::1 - [19/Oct/2016:16:20:53 +0530] "POST /api/quiz/ping HTTP/1.1" 502 40
::1 - [19/Oct/2016:16:20:58 +0530] "POST /api/quiz/ping HTTP/1.1" 502 40
::1 - [19/Oct/2016:16:21:03 +0530] "POST /api/quiz/ping HTTP/1.1" 502 40
::1 - [19/Oct/2016:16:21:08 +0530] "POST /api/quiz/ping HTTP/1.1" 502 40
::1 - [19/Oct/2016:16:21:12 +0530] "POST /api/quiz/ping HTTP/1.1" 502 40
::1 - [19/Oct/2016:16:21:18 +0530] "POST /api/quiz/ping HTTP/1.1" 502 40
::1 - [19/Oct/2016:16:21:23 +0530] "POST /api/quiz/ping HTTP/1.1" 502 40
::1 - [19/Oct/2016:16:21:28 +0530] "POST /api/quiz/ping HTTP/1.1" 502 40
::1 - [19/Oct/2016:16:21:33 +0530] "POST /api/quiz/ping HTTP/1.1" 502 40
::1 - [19/Oct/2016:16:21:38 +0530] "POST /api/quiz/ping HTTP/1.1" 502 40
::1 - [19/Oct/2016:16:21:43 +0530] "POST /api/quiz/ping HTTP/1.1" 502 40
::1 - [19/Oct/2016:16:21:47 +0530] "POST /api/quiz/ping HTTP/1.1" 502 40
::1 - [19/Oct/2016:16:21:53 +0530] "POST /api/quiz/ping HTTP/1.1" 502 40
::1 - [19/Oct/2016:16:21:58 +0530] "POST /api/quiz/ping HTTP/1.1" 502 40
::1 - [19/Oct/2016:16:22:03 +0530] "POST /api/quiz/ping HTTP/1.1" 502 40
::1 - [19/Oct/2016:16:22:08 +0530] "POST /api/quiz/ping HTTP/1.1" 502 40
::1 - [19/Oct/2016:16:22:13 +0530] "POST /api/quiz/ping HTTP/1.1" 502 40
::1 - [19/Oct/2016:16:22:18 +0530] "POST /api/quiz/ping HTTP/1.1" 502 40
::1 - [19/Oct/2016:16:22:23 +0530] "POST /api/quiz/ping HTTP/1.1" 502 40
::1 - [19/Oct/2016:16:22:28 +0530] "POST /api/quiz/ping HTTP/1.1" 502 40
::1 - [19/Oct/2016:16:22:33 +0530] "POST /api/quiz/ping HTTP/1.1" 502 40
::1 - [19/Oct/2016:16:22:38 +0530] "POST /api/quiz/ping HTTP/1.1" 502 40
::1 - [19/Oct/2016:16:22:41 +0530] "POST /api/quiz/ping HTTP/1.1" 502 40
::1 - [19/Oct/2016:16:22:47 +0530] "POST /api/quiz/ping HTTP/1.1" 502 40
::1 - [19/Oct/2016:16:22:53 +0530] "POST /api/quiz/ping HTTP/1.1" 502 40
::1 - [19/Oct/2016:16:22:58 +0530] "POST /api/quiz/ping HTTP/1.1" 502 40
::1 - [19/Oct/2016:16:23:02 +0530] "POST /api/quiz/ping HTTP/1.1" 502 40
::1 - [19/Oct/2016:16:23:06 +0530] "POST /api/quiz/ping HTTP/1.1" 502 40
::1 - [19/Oct/2016:16:23:12 +0530] "POST /api/quiz/ping HTTP/1.1" 502 40
::1 - [19/Oct/2016:16:23:17 +0530] "POST /api/quiz/ping HTTP/1.1" 502 40
::1 - [19/Oct/2016:16:23:23 +0530] "POST /api/quiz/ping HTTP/1.1" 502 40
::1 - [19/Oct/2016:16:23:28 +0530] "POST /api/quiz/ping HTTP/1.1" 502 40
::1 - [19/Oct/2016:16:23:33 +0530] "POST /api/quiz/ping HTTP/1.1" 502 40
::1 - [19/Oct/2016:16:23:38 +0530] "POST /api/quiz/ping HTTP/1.1" 502 40
::1 - [19/Oct/2016:16:23:43 +0530] "POST /api/quiz/ping HTTP/1.1" 502 40
::1 - [19/Oct/2016:16:23:48 +0530] "POST /api/quiz/ping HTTP/1.1" 502 40
::1 - [19/Oct/2016:16:23:53 +0530] "POST /api/quiz/ping HTTP/1.1" 502 40
::1 - [19/Oct/2016:16:23:58 +0530] "POST /api/quiz/ping HTTP/1.1" 502 40
::1 - [19/Oct/2016:16:24:03 +0530] "POST /api/quiz/ping HTTP/1.1" 502 40
::1 - [19/Oct/2016:16:24:08 +0530] "POST /api/quiz/ping HTTP/1.1" 502 40
::1 - [19/Oct/2016:16:24:13 +0530] "POST /api/quiz/ping HTTP/1.1" 502 40
::1 - [19/Oct/2016:16:24:18 +0530] "POST /api/quiz/ping HTTP/1.1" 502 40
::1 - [19/Oct/2016:16:24:23 +0530] "POST /api/quiz/ping HTTP/1.1" 502 40
::1 - [19/Oct/2016:16:24:28 +0530] "POST /api/quiz/ping HTTP/1.1" 502 40
::1 - [19/Oct/2016:16:24:33 +0530] "POST /api/quiz/ping HTTP/1.1" 502 40
::1 - [19/Oct/2016:16:24:38 +0530] "POST /api/quiz/ping HTTP/1.1" 502 40
::1 - [19/Oct/2016:16:24:42 +0530] "POST /api/quiz/ping HTTP/1.1" 502 40
::1 - [19/Oct/2016:16:24:47 +0530] "POST /api/quiz/ping HTTP/1.1" 502 40
::1 - [19/Oct/2016:16:24:52 +0530] "POST /api/quiz/ping HTTP/1.1" 502 40
::1 - [19/Oct/2016:16:24:58 +0530] "POST /api/quiz/ping HTTP/1.1" 502 40
::1 - [19/Oct/2016:16:25:03 +0530] "POST /api/quiz/ping HTTP/1.1" 502 40
::1 - [19/Oct/2016:16:25:08 +0530] "POST /api/quiz/ping HTTP/1.1" 502 40
::1 - [19/Oct/2016:16:25:13 +0530] "POST /api/quiz/ping HTTP/1.1" 502 40
::1 - [19/Oct/2016:16:25:18 +0530] "POST /api/quiz/ping HTTP/1.1" 502 40
::1 - [19/Oct/2016:16:25:23 +0530] "POST /api/quiz/ping HTTP/1.1" 502 40
::1 - [19/Oct/2016:16:25:28 +0530] "POST /api/quiz/ping HTTP/1.1" 502 40
::1 - [19/Oct/2016:16:25:33 +0530] "POST /api/quiz/ping HTTP/1.1" 502 40
::1 - [19/Oct/2016:16:25:38 +0530] "POST /api/quiz/ping HTTP/1.1" 502 40
::1 - [19/Oct/2016:16:25:43 +0530] "POST /api/quiz/ping HTTP/1.1" 502 40
::1 - [19/Oct/2016:16:25:47 +0530] "POST /api/quiz/ping HTTP/1.1" 502 40
::1 - [19/Oct/2016:16:25:53 +0530] "POST /api/quiz/ping HTTP/1.1" 502 40
::1 - [19/Oct/2016:16:25:58 +0530] "POST /api/quiz/ping HTTP/1.1" 502 40
::1 - [19/Oct/2016:16:26:03 +0530] "POST /api/quiz/ping HTTP/1.1" 502 40
::1 - [19/Oct/2016:16:26:08 +0530] "POST /api/quiz/ping HTTP/1.1" 502 40
::1 - [19/Oct/2016:16:26:13 +0530] "POST /api/quiz/ping HTTP/1.1" 502 40
::1 - [19/Oct/2016:16:26:18 +0530] "POST /api/quiz/ping HTTP/1.1" 502 40
::1 - [19/Oct/2016:16:26:23 +0530] "POST /api/quiz/ping HTTP/1.1" 502 40
::1 - [19/Oct/2016:16:26:28 +0530] "POST /api/quiz/ping HTTP/1.1" 502 40
::1 - [19/Oct/2016:16:26:33 +0530] "POST /api/quiz/ping HTTP/1.1" 502 40
::1 - [19/Oct/2016:16:26:38 +0530] "POST /api/quiz/ping HTTP/1.1" 502 40
::1 - [19/Oct/2016:16:26:43 +0530] "POST /api/quiz/ping HTTP/1.1" 502 40
::1 - [19/Oct/2016:16:26:47 +0530] "POST /api/quiz/ping HTTP/1.1" 200 43
::1 - [19/Oct/2016:16:26:52 +0530] "POST /api/quiz/ping HTTP/1.1" 200 43
::1 - [19/Oct/2016:16:26:58 +0530] "POST /api/quiz/ping HTTP/1.1" 502 40
::1 - [19/Oct/2016:16:27:03 +0530] "POST /api/quiz/ping HTTP/1.1" 200 43
::1 - [19/Oct/2016:16:27:06 +0530] "POST /api/quiz/ping HTTP/1.1" 200 43
::1 - [19/Oct/2016:16:27:13 +0530] "POST /api/quiz/ping HTTP/1.1" 200 43
::1 - [19/Oct/2016:16:27:18 +0530] "POST /api/quiz/ping HTTP/1.1" 200 43
::1 - [19/Oct/2016:16:27:21 +0530] "POST /api/quiz/ping HTTP/1.1" 200 43
::1 - [19/Oct/2016:16:27:23 +0530] "POST /api/quiz/answer HTTP/1.1" 200 23
::1 - [19/Oct/2016:16:27:23 +0530] "POST /api/quiz/question HTTP/1.1" 200 277
::1 - [19/Oct/2016:16:27:26 +0530] "POST /api/quiz/ping HTTP/1.1" 200 46
::1 - [19/Oct/2016:16:27:31 +0530] "POST /api/quiz/ping HTTP/1.1" 200 46
::1 - [19/Oct/2016:16:27:32 +0530] "POST /api/quiz/answer HTTP/1.1" 200 23
::1 - [19/Oct/2016:16:27:32 +0530] "POST /api/quiz/question HTTP/1.1" 200 270
::1 - [19/Oct/2016:16:27:36 +0530] "POST /api/quiz/answer HTTP/1.1" 200 23
::1 - [19/Oct/2016:16:27:36 +0530] "POST /api/quiz/question HTTP/1.1" 200 235
::1 - [19/Oct/2016:16:27:36 +0530] "POST /api/quiz/ping HTTP/1.1" 200 46
::1 - [19/Oct/2016:16:27:39 +0530] "POST /api/quiz/answer HTTP/1.1" 200 23
::1 - [19/Oct/2016:16:27:39 +0530] "POST /api/quiz/question HTTP/1.1" 200 119
::1 - [19/Oct/2016:16:28:19 +0530] "GET /api/admin/candidate/report/0xac16f6ad26f47025 HTTP/1.1" 200 835
::1 - [19/Oct/2016:16:28:21 +0530] "GET /api/admin/candidates?quiz_id=0xd3af0fa00b198dff HTTP/1.1" 200 573
::1 - [19/Oct/2016:16:28:22 +0530] "GET /api/admin/candidate/report/0x142141b95eb4ef6d HTTP/1.1" 200 498
::1 - [19/Oct/2016:16:28:28 +0530] "GET /api/admin/candidates?quiz_id=0xd3af0fa00b198dff HTTP/1.1" 200 573
::1 - [19/Oct/2016:16:28:30 +0530] "GET /api/admin/candidate/report/0x29a7c32e3ad0c3a8 HTTP/1.1" 200 830
::1 - [19/Oct/2016:16:28:31 +0530] "GET /api/admin/candidates?quiz_id=0xd3af0fa00b198dff HTTP/1.1" 200 573
::1 - [19/Oct/2016:16:28:33 +0530] "GET /api/admin/candidate/report/0x475f2eb0488dcf3d HTTP/1.1" 500 173
::1 - [19/Oct/2016:16:28:34 +0530] "GET /api/admin/candidates?quiz_id=0xd3af0fa00b198dff HTTP/1.1" 200 573
::1 - [19/Oct/2016:16:28:37 +0530] "GET /api/admin/candidate/report/0x679ce7277bad6059 HTTP/1.1" 200 737
::1 - [19/Oct/2016:16:28:39 +0530] "GET /api/admin/candidates?quiz_id=0xd3af0fa00b198dff HTTP/1.1" 200 573
::1 - [19/Oct/2016:16:29:14 +0530] "POST /api/admin/candidate HTTP/1.1" 200 89
::1 - [19/Oct/2016:16:29:14 +0530] "GET /api/admin/candidates?quiz_id=0xd3af0fa00b198dff HTTP/1.1" 200 605
::1 - [19/Oct/2016:16:29:24 +0530] "POST /api/validate/0xf05cd2e86f39505e62gBesCruda87s1POY2JPlZJSkBe8BgFw HTTP/1.1" 200 215
::1 - [19/Oct/2016:16:29:29 +0530] "GET /assets/lib/js/angular.min.js.map HTTP/1.1" 404 14
::1 - [19/Oct/2016:16:29:29 +0530] "GET /assets/lib/js/angular-sanitize.min.js.map HTTP/1.1" 404 14
::1 - [19/Oct/2016:16:29:29 +0530] "GET /assets/lib/js/angular-route.min.js.map HTTP/1.1" 404 14
::1 - [19/Oct/2016:16:29:29 +0530] "GET /assets/lib/js/select.min.js.map HTTP/1.1" 404 14
::1 - [19/Oct/2016:16:29:29 +0530] "GET /assets/lib/js/material.min.js.map HTTP/1.1" 404 14
::1 - [19/Oct/2016:16:29:37 +0530] "POST /api/quiz/question HTTP/1.1" 200 276
::1 - [19/Oct/2016:16:29:37 +0530] "POST /api/quiz/ping HTTP/1.1" 200 45
::1 - [19/Oct/2016:16:29:42 +0530] "POST /api/quiz/ping HTTP/1.1" 200 46
::1 - [19/Oct/2016:16:29:48 +0530] "POST /api/quiz/ping HTTP/1.1" 502 40
::1 - [19/Oct/2016:16:29:52 +0530] "POST /api/quiz/ping HTTP/1.1" 200 43
::1 - [19/Oct/2016:16:29:57 +0530] "POST /api/quiz/ping HTTP/1.1" 200 43
::1 - [19/Oct/2016:16:29:59 +0530] "POST /api/quiz/answer HTTP/1.1" 200 23
::1 - [19/Oct/2016:16:29:59 +0530] "POST /api/quiz/question HTTP/1.1" 200 230
::1 - [19/Oct/2016:16:30:02 +0530] "POST /api/quiz/ping HTTP/1.1" 200 46
::1 - [19/Oct/2016:16:30:09 +0530] "POST /api/quiz/ping HTTP/1.1" 200 46
::1 - [19/Oct/2016:16:30:12 +0530] "POST /api/quiz/ping HTTP/1.1" 200 46
::1 - [19/Oct/2016:16:30:17 +0530] "POST /api/quiz/ping HTTP/1.1" 200 46
::1 - [19/Oct/2016:16:30:19 +0530] "POST /api/quiz/answer HTTP/1.1" 200 23
::1 - [19/Oct/2016:16:30:19 +0530] "POST /api/quiz/question HTTP/1.1" 200 301
::1 - [19/Oct/2016:16:30:22 +0530] "POST /api/quiz/ping HTTP/1.1" 200 46
::1 - [19/Oct/2016:16:30:22 +0530] "POST /api/quiz/answer HTTP/1.1" 200 23
::1 - [19/Oct/2016:16:30:22 +0530] "POST /api/quiz/question HTTP/1.1" 200 269
::1 - [19/Oct/2016:16:30:25 +0530] "POST /api/quiz/answer HTTP/1.1" 200 23
::1 - [19/Oct/2016:16:30:25 +0530] "POST /api/quiz/question HTTP/1.1" 200 273
::1 - [19/Oct/2016:16:30:27 +0530] "POST /api/quiz/ping HTTP/1.1" 200 46
::1 - [19/Oct/2016:16:30:28 +0530] "POST /api/quiz/answer HTTP/1.1" 200 23
::1 - [19/Oct/2016:16:30:28 +0530] "POST /api/quiz/question HTTP/1.1" 200 115
::1 - [19/Oct/2016:16:30:44 +0530] "GET / HTTP/1.1" 304 0
::1 - [19/Oct/2016:16:30:44 +0530] "GET /assets/lib/css/material.indigo-pink.min.css HTTP/1.1" 304 0
::1 - [19/Oct/2016:16:30:44 +0530] "GET /assets/css/main.css?v=20161018-1 HTTP/1.1" 304 0
::1 - [19/Oct/2016:16:30:45 +0530] "GET /assets/css/_layout.css HTTP/1.1" 304 0
::1 - [19/Oct/2016:16:30:45 +0530] "GET /assets/css/_base.css HTTP/1.1" 304 0
::1 - [19/Oct/2016:16:30:45 +0530] "GET /assets/css/custom.css HTTP/1.1" 304 0
::1 - [19/Oct/2016:16:30:45 +0530] "GET /assets/css/_utility.css HTTP/1.1" 304 0
::1 - [19/Oct/2016:16:30:45 +0530] "GET /assets/css/_colors.css HTTP/1.1" 304 0
::1 - [19/Oct/2016:16:30:49 +0530] "GET /assets/lib/js/angular.min.js HTTP/1.1" 304 0
::1 - [19/Oct/2016:16:30:49 +0530] "GET /assets/lib/js/angular-ui-router.min.js HTTP/1.1" 304 0
::1 - [19/Oct/2016:16:30:49 +0530] "GET /assets/lib/js/angular-route.min.js?v=20161018-1 HTTP/1.1" 304 0
::1 - [19/Oct/2016:16:30:49 +0530] "GET /assets/lib/js/angular-select.min.js HTTP/1.1" 304 0
::1 - [19/Oct/2016:16:30:49 +0530] "GET /assets/lib/js/angular-css.min.js HTTP/1.1" 304 0
::1 - [19/Oct/2016:16:30:49 +0530] "GET /assets/lib/js/angular-sanitize.min.js HTTP/1.1" 304 0
::1 - [19/Oct/2016:16:30:49 +0530] "GET /assets/lib/js/ui-codemirror.min.js HTTP/1.1" 304 0
::1 - [19/Oct/2016:16:30:49 +0530] "GET /assets/lib/js/ocLazyLoad.min.js HTTP/1.1" 304 0
::1 - [19/Oct/2016:16:30:49 +0530] "GET /assets/lib/js/material.min.js HTTP/1.1" 304 0
::1 - [19/Oct/2016:16:30:49 +0530] "GET /assets/lib/js/jquery-2.1.1.min.js HTTP/1.1" 304 0
::1 - [19/Oct/2016:16:30:49 +0530] "GET /assets/lib/js/duration.js HTTP/1.1" 304 0
::1 - [19/Oct/2016:16:30:49 +0530] "GET /app/app.module.js?v=20160415-1 HTTP/1.1" 304 0
::1 - [19/Oct/2016:16:30:49 +0530] "GET /app/app.route.js?v=20160405-1 HTTP/1.1" 304 0
::1 - [19/Oct/2016:16:30:50 +0530] "GET /assets/js/gru.js?v=20160405-1 HTTP/1.1" 304 0
::1 - [19/Oct/2016:16:30:50 +0530] "GET /app/components/invite/inviteController.js?v=20161018-1 HTTP/1.1" 304 0
::1 - [19/Oct/2016:16:30:50 +0530] "GET /app/components/invite/inviteService.js?v=20161018-1 HTTP/1.1" 304 0
::1 - [19/Oct/2016:16:30:50 +0530] "GET /app/components/invite/views/invite-dashboard.html?v=20161018-1 HTTP/1.1" 304 0
::1 - [19/Oct/2016:16:30:50 +0530] "GET /api/admin/get-all-quizes HTTP/1.1" 200 487
::1 - [19/Oct/2016:16:30:50 +0530] "GET /api/admin/candidates?quiz_id=0xd3af0fa00b198dff HTTP/1.1" 200 606
::1 - [19/Oct/2016:16:30:53 +0530] "GET /app/components/invite/views/candidate-report.html HTTP/1.1" 304 0
::1 - [19/Oct/2016:16:30:54 +0530] "GET /api/admin/candidate/report/0xf05cd2e86f39505e HTTP/1.1" 200 853
::1 - [19/Oct/2016:16:31:51 +0530] "GET /app/components/invite/views/invite-user.html HTTP/1.1" 304 0
::1 - [19/Oct/2016:16:32:03 +0530] "POST /api/admin/candidate HTTP/1.1" 200 89
::1 - [19/Oct/2016:16:32:03 +0530] "GET /api/admin/candidates?quiz_id=0xd3af0fa00b198dff HTTP/1.1" 200 622
::1 - [19/Oct/2016:16:32:18 +0530] "POST /api/validate/0x7379ad7fbd7b60cfH5d39GMKESe0c7EJoLdeXSZUB87L9HGOM HTTP/1.1" 200 207
::1 - [19/Oct/2016:16:32:22 +0530] "GET /assets/lib/js/select.min.js.map HTTP/1.1" 404 14
::1 - [19/Oct/2016:16:32:22 +0530] "GET /assets/lib/js/angular-sanitize.min.js.map HTTP/1.1" 404 14
::1 - [19/Oct/2016:16:32:22 +0530] "GET /assets/lib/js/angular-route.min.js.map HTTP/1.1" 404 14
::1 - [19/Oct/2016:16:32:22 +0530] "GET /assets/lib/js/material.min.js.map HTTP/1.1" 404 14
::1 - [19/Oct/2016:16:32:22 +0530] "GET /assets/lib/js/angular.min.js.map HTTP/1.1" 404 14
::1 - [19/Oct/2016:16:32:27 +0530] "POST /api/quiz/question HTTP/1.1" 200 272
::1 - [19/Oct/2016:16:32:27 +0530] "POST /api/quiz/ping HTTP/1.1" 200 45
::1 - [19/Oct/2016:16:32:32 +0530] "POST /api/quiz/ping HTTP/1.1" 200 46
::1 - [19/Oct/2016:16:32:32 +0530] "POST /api/quiz/answer HTTP/1.1" 200 23
::1 - [19/Oct/2016:16:32:32 +0530] "POST /api/quiz/question HTTP/1.1" 200 234
::1 - [19/Oct/2016:16:32:37 +0530] "POST /api/quiz/ping HTTP/1.1" 200 46
::1 - [19/Oct/2016:16:32:39 +0530] "POST /api/quiz/answer HTTP/1.1" 200 23
::1 - [19/Oct/2016:16:32:39 +0530] "POST /api/quiz/question HTTP/1.1" 200 300
::1 - [19/Oct/2016:16:32:44 +0530] "POST /api/quiz/ping HTTP/1.1" 502 40
::1 - [19/Oct/2016:16:32:48 +0530] "POST /api/quiz/ping HTTP/1.1" 502 40
::1 - [19/Oct/2016:16:32:52 +0530] "POST /api/quiz/ping HTTP/1.1" 200 46
::1 - [19/Oct/2016:16:32:57 +0530] "POST /api/quiz/answer HTTP/1.1" 200 23
::1 - [19/Oct/2016:16:32:57 +0530] "POST /api/quiz/question HTTP/1.1" 200 278
::1 - [19/Oct/2016:16:32:57 +0530] "POST /api/quiz/ping HTTP/1.1" 200 46
::1 - [19/Oct/2016:16:33:02 +0530] "POST /api/quiz/ping HTTP/1.1" 200 46
::1 - [19/Oct/2016:16:33:03 +0530] "POST /api/quiz/answer HTTP/1.1" 200 23
::1 - [19/Oct/2016:16:33:03 +0530] "POST /api/quiz/question HTTP/1.1" 200 268
::1 - [19/Oct/2016:16:33:07 +0530] "POST /api/quiz/ping HTTP/1.1" 200 46
::1 - [19/Oct/2016:16:33:11 +0530] "POST /api/quiz/answer HTTP/1.1" 200 23
::1 - [19/Oct/2016:16:33:11 +0530] "POST /api/quiz/question HTTP/1.1" 200 117
::1 - [19/Oct/2016:16:54:45 +0530] "POST /api/admin/candidate HTTP/1.1" 200 89
::1 - [19/Oct/2016:16:54:45 +0530] "GET /api/admin/candidates?quiz_id=0xd3af0fa00b198dff HTTP/1.1" 200 637
::1 - [19/Oct/2016:16:54:54 +0530] "POST /api/validate/0x902aec0dcfdc38efbVkOjh4cVXGOQGufJZFJNmr0DKfoXqM3i HTTP/1.1" 200 202
::1 - [19/Oct/2016:16:54:58 +0530] "GET /assets/lib/js/angular.min.js.map HTTP/1.1" 404 14
::1 - [19/Oct/2016:16:54:58 +0530] "GET /assets/lib/js/angular-sanitize.min.js.map HTTP/1.1" 404 14
::1 - [19/Oct/2016:16:54:58 +0530] "GET /assets/lib/js/angular-route.min.js.map HTTP/1.1" 404 14
::1 - [19/Oct/2016:16:54:58 +0530] "GET /assets/lib/js/select.min.js.map HTTP/1.1" 404 14
::1 - [19/Oct/2016:16:54:58 +0530] "GET /assets/lib/js/material.min.js.map HTTP/1.1" 404 14
::1 - [19/Oct/2016:16:55:05 +0530] "POST /api/quiz/question HTTP/1.1" 200 300
::1 - [19/Oct/2016:16:55:05 +0530] "POST /api/quiz/ping HTTP/1.1" 200 45
::1 - [19/Oct/2016:16:55:09 +0530] "POST /api/quiz/answer HTTP/1.1" 200 23
::1 - [19/Oct/2016:16:55:09 +0530] "POST /api/quiz/question HTTP/1.1" 200 231
::1 - [19/Oct/2016:16:55:10 +0530] "POST /api/quiz/ping HTTP/1.1" 200 46
::1 - [19/Oct/2016:16:55:12 +0530] "POST /api/quiz/answer HTTP/1.1" 200 23
::1 - [19/Oct/2016:16:55:12 +0530] "POST /api/quiz/question HTTP/1.1" 200 268
::1 - [19/Oct/2016:16:55:15 +0530] "POST /api/quiz/ping HTTP/1.1" 200 46
::1 - [19/Oct/2016:16:55:22 +0530] "POST /api/quiz/ping HTTP/1.1" 200 46
::1 - [19/Oct/2016:16:55:24 +0530] "POST /api/quiz/answer HTTP/1.1" 200 23
::1 - [19/Oct/2016:16:55:24 +0530] "POST /api/quiz/question HTTP/1.1" 200 277
::1 - [19/Oct/2016:16:55:25 +0530] "POST /api/quiz/ping HTTP/1.1" 200 46
::1 - [19/Oct/2016:16:55:27 +0530] "POST /api/quiz/answer HTTP/1.1" 200 23
::1 - [19/Oct/2016:16:55:27 +0530] "POST /api/quiz/question HTTP/1.1" 200 275
::1 - [19/Oct/2016:16:55:30 +0530] "POST /api/quiz/ping HTTP/1.1" 200 46
::1 - [19/Oct/2016:16:55:37 +0530] "POST /api/quiz/ping HTTP/1.1" 502 40
::1 - [19/Oct/2016:16:55:42 +0530] "POST /api/quiz/ping HTTP/1.1" 200 46
::1 - [19/Oct/2016:16:55:45 +0530] "POST /api/quiz/ping HTTP/1.1" 200 46
::1 - [19/Oct/2016:16:55:48 +0530] "POST /api/quiz/answer HTTP/1.1" 200 23
::1 - [19/Oct/2016:16:55:48 +0530] "POST /api/quiz/question HTTP/1.1" 200 119
::1 - [19/Oct/2016:16:56:10 +0530] "GET / HTTP/1.1" 304 0
::1 - [19/Oct/2016:16:56:10 +0530] "GET /assets/lib/css/material.indigo-pink.min.css HTTP/1.1" 304 0
::1 - [19/Oct/2016:16:56:10 +0530] "GET /assets/css/main.css?v=20161018-1 HTTP/1.1" 304 0
::1 - [19/Oct/2016:16:56:11 +0530] "GET /assets/css/_base.css HTTP/1.1" 304 0
::1 - [19/Oct/2016:16:56:11 +0530] "GET /assets/css/custom.css HTTP/1.1" 304 0
::1 - [19/Oct/2016:16:56:11 +0530] "GET /assets/css/_colors.css HTTP/1.1" 304 0
::1 - [19/Oct/2016:16:56:11 +0530] "GET /assets/css/_layout.css HTTP/1.1" 304 0
::1 - [19/Oct/2016:16:56:11 +0530] "GET /assets/css/_utility.css HTTP/1.1" 304 0
::1 - [19/Oct/2016:16:56:25 +0530] "GET /assets/lib/js/angular.min.js HTTP/1.1" 304 0
::1 - [19/Oct/2016:16:56:25 +0530] "GET /assets/lib/js/angular-sanitize.min.js HTTP/1.1" 304 0
::1 - [19/Oct/2016:16:56:25 +0530] "GET /assets/lib/js/angular-route.min.js?v=20161018-1 HTTP/1.1" 304 0
::1 - [19/Oct/2016:16:56:25 +0530] "GET /assets/lib/js/angular-ui-router.min.js HTTP/1.1" 304 0
::1 - [19/Oct/2016:16:56:25 +0530] "GET /assets/lib/js/angular-css.min.js HTTP/1.1" 304 0
::1 - [19/Oct/2016:16:56:25 +0530] "GET /assets/lib/js/angular-select.min.js HTTP/1.1" 304 0
::1 - [19/Oct/2016:16:56:25 +0530] "GET /assets/lib/js/ui-codemirror.min.js HTTP/1.1" 304 0
::1 - [19/Oct/2016:16:56:25 +0530] "GET /assets/lib/js/jquery-2.1.1.min.js HTTP/1.1" 304 0
::1 - [19/Oct/2016:16:56:25 +0530] "GET /assets/lib/js/material.min.js HTTP/1.1" 304 0
::1 - [19/Oct/2016:16:56:25 +0530] "GET /assets/lib/js/ocLazyLoad.min.js HTTP/1.1" 304 0
::1 - [19/Oct/2016:16:56:25 +0530] "GET /assets/lib/js/duration.js HTTP/1.1" 304 0
::1 - [19/Oct/2016:16:56:25 +0530] "GET /app/app.module.js?v=20160415-1 HTTP/1.1" 304 0
::1 - [19/Oct/2016:16:56:25 +0530] "GET /app/app.route.js?v=20160405-1 HTTP/1.1" 304 0
::1 - [19/Oct/2016:16:56:25 +0530] "GET /assets/js/gru.js?v=20160405-1 HTTP/1.1" 304 0
::1 - [19/Oct/2016:16:56:39 +0530] "GET /app/components/invite/inviteController.js?v=20161018-1 HTTP/1.1" 304 0
::1 - [19/Oct/2016:16:56:41 +0530] "GET /api/admin/get-all-quizes HTTP/1.1" 200 488
::1 - [19/Oct/2016:16:56:41 +0530] "GET /api/admin/candidates?quiz_id=0xd3af0fa00b198dff HTTP/1.1" 200 637
::1 - [19/Oct/2016:16:56:53 +0530] "GET /api/admin/candidate/report/0xf7c4252701520339 HTTP/1.1" 200 834
::1 - [19/Oct/2016:16:56:54 +0530] "GET /api/admin/candidates?quiz_id=0xd3af0fa00b198dff HTTP/1.1" 200 637
::1 - [19/Oct/2016:16:56:56 +0530] "GET /api/admin/candidate/report/0xf05cd2e86f39505e HTTP/1.1" 200 853
::1 - [19/Oct/2016:16:56:57 +0530] "GET /api/admin/candidates?quiz_id=0xd3af0fa00b198dff HTTP/1.1" 200 637
::1 - [19/Oct/2016:16:56:59 +0530] "GET /api/admin/candidate/report/0xac16f6ad26f47025 HTTP/1.1" 200 835
::1 - [19/Oct/2016:16:57:00 +0530] "GET /api/admin/candidates?quiz_id=0xd3af0fa00b198dff HTTP/1.1" 200 637
::1 - [19/Oct/2016:16:57:01 +0530] "GET /api/admin/candidate/report/0xa8b4a1f3515c347a HTTP/1.1" 200 836
::1 - [19/Oct/2016:16:57:02 +0530] "GET /api/admin/candidates?quiz_id=0xd3af0fa00b198dff HTTP/1.1" 200 637
::1 - [19/Oct/2016:16:57:05 +0530] "GET /api/admin/candidate/report/0x97e55d833f6e2145 HTTP/1.1" 200 848
::1 - [19/Oct/2016:16:57:06 +0530] "GET /api/admin/candidates?quiz_id=0xd3af0fa00b198dff HTTP/1.1" 200 637
::1 - [19/Oct/2016:16:57:08 +0530] "GET /api/admin/candidate/report/0x97e55d833f6e2145 HTTP/1.1" 200 848
::1 - [19/Oct/2016:16:57:09 +0530] "GET /api/admin/candidates?quiz_id=0xd3af0fa00b198dff HTTP/1.1" 200 637
::1 - [19/Oct/2016:16:57:12 +0530] "GET /api/admin/candidate/report/0x97e55d833f6e2145 HTTP/1.1" 200 848
::1 - [19/Oct/2016:16:57:13 +0530] "GET /api/admin/candidates?quiz_id=0xd3af0fa00b198dff HTTP/1.1" 200 637
::1 - [19/Oct/2016:16:57:16 +0530] "GET /api/admin/candidate/report/0x8c3d3f78e384bc33 HTTP/1.1" 200 827
::1 - [19/Oct/2016:16:57:17 +0530] "GET /api/admin/candidates?quiz_id=0xd3af0fa00b198dff HTTP/1.1" 200 637
::1 - [19/Oct/2016:16:57:25 +0530] "GET /api/admin/candidate/report/0x97e55d833f6e2145 HTTP/1.1" 200 848
::1 - [19/Oct/2016:16:57:26 +0530] "GET /api/admin/candidates?quiz_id=0xd3af0fa00b198dff HTTP/1.1" 200 637
::1 - [19/Oct/2016:16:57:29 +0530] "GET /api/admin/candidate/report/0x902aec0dcfdc38ef HTTP/1.1" 200 847
::1 - [19/Oct/2016:16:57:38 +0530] "GET /api/admin/candidates?quiz_id=0xd3af0fa00b198dff HTTP/1.1" 200 637
::1 - [19/Oct/2016:16:57:40 +0530] "GET /api/admin/candidate/report/0x680fad980958b6c7 HTTP/1.1" 200 830
::1 - [19/Oct/2016:16:59:36 +0530] "GET /app/components/question/questionController.js HTTP/1.1" 304 0
::1 - [19/Oct/2016:16:59:36 +0530] "POST /api/admin/get-all-questions HTTP/1.1" 200 947
::1 - [19/Oct/2016:16:59:36 +0530] "GET /api/admin/get-all-tags HTTP/1.1" 200 304
::1 - [19/Oct/2016:16:59:36 +0530] "GET /api/admin/get-all-tags HTTP/1.1" 200 306
::1 - [19/Oct/2016:16:59:41 +0530] "GET /app/components/question/views/edit-question.html HTTP/1.1" 304 0
::1 - [19/Oct/2016:16:59:41 +0530] "GET /api/admin/get-all-tags HTTP/1.1" 200 305
::1 - [19/Oct/2016:16:59:41 +0530] "GET /api/admin/question/0x234858cc93324642 HTTP/1.1" 200 283
::1 - [19/Oct/2016:16:59:41 +0530] "GET /assets/lib/css/codemirror.css HTTP/1.1" 304 0
::1 - [19/Oct/2016:16:59:46 +0530] "PUT /api/admin/question/0x234858cc93324642 HTTP/1.1" 200 90
::1 - [19/Oct/2016:16:59:46 +0530] "POST /api/admin/get-all-questions HTTP/1.1" 200 946
::1 - [19/Oct/2016:16:59:46 +0530] "GET /api/admin/get-all-tags HTTP/1.1" 200 304
::1 - [19/Oct/2016:16:59:57 +0530] "GET /app/components/quiz/quizController.js HTTP/1.1" 304 0
::1 - [19/Oct/2016:16:59:57 +0530] "GET /api/admin/get-all-quizes HTTP/1.1" 200 487
::1 - [19/Oct/2016:16:59:57 +0530] "POST /api/admin/get-all-questions HTTP/1.1" 200 945
::1 - [19/Oct/2016:16:59:59 +0530] "GET /api/admin/candidates?quiz_id=0xd3af0fa00b198dff HTTP/1.1" 200 637
::1 - [19/Oct/2016:16:59:59 +0530] "GET /api/admin/get-all-quizes HTTP/1.1" 200 490
::1 - [19/Oct/2016:17:00:01 +0530] "GET /api/admin/candidate/report/0x680fad980958b6c7 HTTP/1.1" 200 825
